[2022-10-29T16:13:55.810Z] Log level: Info
[2022-10-29T16:13:55.833Z] [info] Validating found git in: git
[2022-10-29T16:13:55.944Z] [info] Using git 2.17.1 from git
[2022-10-29T16:13:56.079Z] > git rev-parse --show-toplevel [92ms]
[2022-10-29T16:13:56.079Z] fatal: not a git repository (or any of the parent directories): .git
[2022-10-29T16:13:56.102Z] > git rev-parse --show-toplevel [3ms]
[2022-10-29T16:13:56.102Z] fatal: not a git repository (or any of the parent directories): .git
[2022-10-29T16:13:56.118Z] > git rev-parse --show-toplevel [5ms]
[2022-10-29T16:13:56.118Z] fatal: not a git repository (or any of the parent directories): .git
[2022-10-29T16:13:56.132Z] > git rev-parse --show-toplevel [5ms]
[2022-10-29T16:13:56.132Z] fatal: not a git repository (or any of the parent directories): .git
[2022-10-29T16:13:56.144Z] > git rev-parse --show-toplevel [3ms]
[2022-10-29T16:13:56.144Z] fatal: not a git repository (or any of the parent directories): .git
[2022-10-29T16:13:56.156Z] > git rev-parse --show-toplevel [1ms]
[2022-10-29T16:13:56.156Z] fatal: not a git repository (or any of the parent directories): .git
[2022-10-29T16:13:56.168Z] > git rev-parse --show-toplevel [2ms]
[2022-10-29T16:13:56.168Z] fatal: not a git repository (or any of the parent directories): .git
[2022-10-29T16:13:56.180Z] > git rev-parse --show-toplevel [2ms]
[2022-10-29T16:13:56.180Z] fatal: not a git repository (or any of the parent directories): .git
[2022-10-29T16:13:56.193Z] > git rev-parse --show-toplevel [3ms]
[2022-10-29T16:13:56.193Z] fatal: not a git repository (or any of the parent directories): .git
[2022-10-29T16:13:56.217Z] > git rev-parse --show-toplevel [14ms]
[2022-10-29T16:13:56.217Z] fatal: not a git repository (or any of the parent directories): .git
[2022-10-29T16:13:56.230Z] > git rev-parse --show-toplevel [2ms]
[2022-10-29T16:13:56.230Z] fatal: not a git repository (or any of the parent directories): .git
[2022-10-29T16:13:56.244Z] > git rev-parse --show-toplevel [3ms]
[2022-10-29T16:13:56.244Z] fatal: not a git repository (or any of the parent directories): .git
[2022-10-29T16:13:56.282Z] > git rev-parse --show-toplevel [28ms]
[2022-10-29T16:13:56.282Z] fatal: not a git repository (or any of the parent directories): .git
[2022-10-29T16:13:56.295Z] > git rev-parse --show-toplevel [2ms]
[2022-10-29T16:13:56.295Z] fatal: not a git repository (or any of the parent directories): .git
[2022-10-29T16:13:56.308Z] > git rev-parse --show-toplevel [3ms]
[2022-10-29T16:13:56.308Z] fatal: not a git repository (or any of the parent directories): .git
[2022-10-29T16:13:56.348Z] > git rev-parse --show-toplevel [30ms]
[2022-10-29T16:13:56.348Z] fatal: not a git repository (or any of the parent directories): .git
[2022-10-29T16:13:56.394Z] > git rev-parse --show-toplevel [17ms]
[2022-10-29T16:13:56.394Z] fatal: not a git repository (or any of the parent directories): .git
[2022-10-29T16:13:56.444Z] > git rev-parse --show-toplevel [31ms]
[2022-10-29T16:13:56.458Z] > git rev-parse --git-dir --git-common-dir [3ms]
[2022-10-29T16:13:56.484Z] [info] Open repository: /home/nvidia/jetson-inference
[2022-10-29T16:13:56.521Z] > git rev-parse --show-toplevel [3ms]
[2022-10-29T16:13:56.521Z] fatal: not a git repository (or any of the parent directories): .git
[2022-10-29T16:13:56.536Z] > git rev-parse --show-toplevel [4ms]
[2022-10-29T16:13:56.536Z] fatal: not a git repository (or any of the parent directories): .git
[2022-10-29T16:13:56.640Z] > git rev-parse --show-toplevel [92ms]
[2022-10-29T16:13:56.640Z] fatal: not a git repository (or any of the parent directories): .git
[2022-10-29T16:13:56.654Z] > git rev-parse --show-toplevel [4ms]
[2022-10-29T16:13:56.654Z] fatal: not a git repository (or any of the parent directories): .git
[2022-10-29T16:13:56.667Z] > git rev-parse --show-toplevel [3ms]
[2022-10-29T16:13:56.667Z] fatal: not a git repository (or any of the parent directories): .git
[2022-10-29T16:13:56.694Z] > git rev-parse --show-toplevel [17ms]
[2022-10-29T16:13:56.694Z] fatal: not a git repository (or any of the parent directories): .git
[2022-10-29T16:13:57.210Z] > git check-ignore -v -z --stdin [7ms]
[2022-10-29T16:13:57.318Z] > git status -z -uall [811ms]
[2022-10-29T16:13:57.330Z] > git symbolic-ref --short HEAD [2ms]
[2022-10-29T16:13:57.346Z] > git for-each-ref --format=%(refname)%00%(upstream:short)%00%(objectname)%00%(upstream:track)%00%(upstream:remotename)%00%(upstream:remoteref) refs/heads/master refs/remotes/master [5ms]
[2022-10-29T16:13:57.372Z] > git remote --verbose [5ms]
[2022-10-29T16:13:57.377Z] > git for-each-ref --sort -committerdate --format %(refname) %(objectname) %(*objectname) [20ms]
[2022-10-29T16:13:57.409Z] > git config --get commit.template [2ms]
[2022-10-29T16:13:57.620Z] > git status -z -uall [198ms]
[2022-10-29T16:13:57.632Z] > git symbolic-ref --short HEAD [2ms]
[2022-10-29T16:13:57.645Z] > git for-each-ref --format=%(refname)%00%(upstream:short)%00%(objectname)%00%(upstream:track)%00%(upstream:remotename)%00%(upstream:remoteref) refs/heads/master refs/remotes/master [3ms]
[2022-10-29T16:13:57.667Z] > git for-each-ref --sort -committerdate --format %(refname) %(objectname) %(*objectname) [12ms]
[2022-10-29T16:13:57.670Z] > git remote --verbose [6ms]
[2022-10-29T16:13:57.690Z] > git config --get commit.template [2ms]
[2022-10-29T16:13:58.188Z] > git rev-parse --show-toplevel [2ms]
[2022-10-29T16:13:58.201Z] > git rev-parse --git-dir --git-common-dir [3ms]
[2022-10-29T16:13:58.210Z] [info] Open repository: /home/nvidia/jetson-inference/utils
[2022-10-29T16:13:58.261Z] > git rev-parse --show-toplevel [29ms]
[2022-10-29T16:13:58.272Z] > git status -z -uall [50ms]
[2022-10-29T16:13:58.284Z] > git rev-parse --git-dir --git-common-dir [13ms]
[2022-10-29T16:13:58.294Z] [info] Open repository: /home/nvidia/jetson-inference/tools/camera-capture
[2022-10-29T16:13:58.320Z] > git status -z -uall [13ms]
[2022-10-29T16:13:58.331Z] > git symbolic-ref --short HEAD [49ms]
[2022-10-29T16:13:58.331Z] fatal: ref HEAD is not a symbolic ref
[2022-10-29T16:13:58.345Z] > git symbolic-ref --short HEAD [16ms]
[2022-10-29T16:13:58.345Z] fatal: ref HEAD is not a symbolic ref
[2022-10-29T16:13:58.355Z] > git rev-parse --show-toplevel [38ms]
[2022-10-29T16:13:58.367Z] > git rev-parse HEAD [13ms]
[2022-10-29T16:13:58.387Z] > git rev-parse HEAD [47ms]
[2022-10-29T16:13:58.412Z] > git remote --verbose [6ms]
[2022-10-29T16:13:58.413Z] > git for-each-ref --sort -committerdate --format %(refname) %(objectname) %(*objectname) [16ms]
[2022-10-29T16:13:58.418Z] > git remote --verbose [32ms]
[2022-10-29T16:13:58.418Z] > git for-each-ref --sort -committerdate --format %(refname) %(objectname) %(*objectname) [42ms]
[2022-10-29T16:13:58.423Z] > git rev-parse --git-dir --git-common-dir [58ms]
[2022-10-29T16:13:58.432Z] [info] Open repository: /home/nvidia/jetson-inference/python/training/classification
[2022-10-29T16:13:58.487Z] > git status -z -uall [42ms]
[2022-10-29T16:13:58.505Z] > git config --get commit.template [18ms]
[2022-10-29T16:13:58.506Z] > git config --get commit.template [30ms]
[2022-10-29T16:13:58.508Z] > git rev-parse --show-toplevel [44ms]
[2022-10-29T16:13:58.524Z] > git symbolic-ref --short HEAD [25ms]
[2022-10-29T16:13:58.524Z] fatal: ref HEAD is not a symbolic ref
[2022-10-29T16:13:58.555Z] > git rev-parse --git-dir --git-common-dir [34ms]
[2022-10-29T16:13:58.563Z] [info] Open repository: /home/nvidia/jetson-inference/python/training/detection
[2022-10-29T16:13:58.632Z] > git status -z -uall [56ms]
[2022-10-29T16:13:58.643Z] > git rev-parse --show-toplevel [56ms]
[2022-10-29T16:13:58.658Z] > git rev-parse HEAD [124ms]
[2022-10-29T16:13:58.684Z] > git for-each-ref --sort -committerdate --format %(refname) %(objectname) %(*objectname) [16ms]
[2022-10-29T16:13:58.685Z] > git rev-parse --git-dir --git-common-dir [28ms]
[2022-10-29T16:13:58.694Z] [info] Open repository: /home/nvidia/jetson-inference/python/training/segmentation
[2022-10-29T16:13:58.728Z] > git symbolic-ref --short HEAD [86ms]
[2022-10-29T16:13:58.728Z] fatal: ref HEAD is not a symbolic ref
[2022-10-29T16:13:58.743Z] > git status -z -uall [27ms]
[2022-10-29T16:13:58.753Z] > git rev-parse --show-toplevel [26ms]
[2022-10-29T16:13:58.764Z] > git remote --verbose [85ms]
[2022-10-29T16:13:58.832Z] > git rev-parse --git-dir --git-common-dir [69ms]
[2022-10-29T16:13:58.840Z] [info] Open repository: /home/nvidia/jetson-inference/plugins/pose
[2022-10-29T16:13:58.863Z] > git symbolic-ref --short HEAD [110ms]
[2022-10-29T16:13:58.863Z] fatal: ref HEAD is not a symbolic ref
[2022-10-29T16:13:58.873Z] > git rev-parse HEAD [134ms]
[2022-10-29T16:13:58.898Z] > git status -z -uall [46ms]
[2022-10-29T16:13:58.910Z] > git remote --verbose [18ms]
[2022-10-29T16:13:58.910Z] > git for-each-ref --sort -committerdate --format %(refname) %(objectname) %(*objectname) [27ms]
[2022-10-29T16:13:58.911Z] > git rev-parse HEAD [38ms]
[2022-10-29T16:13:58.931Z] > git rev-parse --show-toplevel [69ms]
[2022-10-29T16:13:58.942Z] > git config --get commit.template [112ms]
[2022-10-29T16:13:58.971Z] > git rev-parse --git-dir --git-common-dir [30ms]
[2022-10-29T16:13:58.978Z] [info] Open repository: /home/nvidia/jetson-inference/docker/containers
[2022-10-29T16:13:58.992Z] > git remote --verbose [61ms]
[2022-10-29T16:13:58.993Z] > git for-each-ref --sort -committerdate --format %(refname) %(objectname) %(*objectname) [73ms]
[2022-10-29T16:13:58.998Z] > git symbolic-ref --short HEAD [89ms]
[2022-10-29T16:13:58.998Z] fatal: ref HEAD is not a symbolic ref
[2022-10-29T16:13:59.019Z] > git status -z -uall [28ms]
[2022-10-29T16:13:59.037Z] > git config --get commit.template [19ms]
[2022-10-29T16:13:59.038Z] > git rev-parse HEAD [31ms]
[2022-10-29T16:13:59.090Z] > git check-ignore -v -z --stdin [21ms]
[2022-10-29T16:13:59.098Z] > git remote --verbose [41ms]
[2022-10-29T16:13:59.098Z] > git for-each-ref --sort -committerdate --format %(refname) %(objectname) %(*objectname) [50ms]
[2022-10-29T16:13:59.102Z] > git symbolic-ref --short HEAD [72ms]
[2022-10-29T16:13:59.102Z] fatal: ref HEAD is not a symbolic ref
[2022-10-29T16:13:59.129Z] > git rev-parse HEAD [16ms]
[2022-10-29T16:13:59.152Z] > git config --get commit.template [65ms]
[2022-10-29T16:13:59.157Z] > git remote --verbose [7ms]
[2022-10-29T16:13:59.158Z] > git for-each-ref --sort -committerdate --format %(refname) %(objectname) %(*objectname) [20ms]
[2022-10-29T16:13:59.162Z] > git config --get commit.template [36ms]
[2022-10-29T16:13:59.177Z] > git config --get commit.template [3ms]
[2022-10-29T16:13:59.547Z] > git rev-parse --show-toplevel [2ms]
[2022-10-29T16:13:59.561Z] > git rev-parse --git-dir --git-common-dir [3ms]
[2022-10-29T16:13:59.576Z] [info] Open repository: /home/nvidia/jetson-inference/python/training/detection/ssd
[2022-10-29T16:13:59.600Z] > git status -z -uall [10ms]
[2022-10-29T16:13:59.614Z] > git symbolic-ref --short HEAD [3ms]
[2022-10-29T16:13:59.614Z] fatal: ref HEAD is not a symbolic ref
[2022-10-29T16:13:59.628Z] > git rev-parse HEAD [3ms]
[2022-10-29T16:13:59.677Z] > git for-each-ref --sort -committerdate --format %(refname) %(objectname) %(*objectname) [30ms]
[2022-10-29T16:13:59.682Z] > git remote --verbose [17ms]
[2022-10-29T16:13:59.713Z] > git config --get commit.template [15ms]
[2022-10-29T16:13:59.717Z] > git check-ignore -v -z --stdin [6ms]
[2022-10-29T16:14:00.288Z] > git check-ignore -v -z --stdin [4ms]
[2022-10-29T16:22:00.371Z] > git rev-parse --show-toplevel [2222ms]
[2022-10-29T16:22:00.371Z] fatal: not a git repository (or any of the parent directories): .git
[2022-10-29T16:22:02.672Z] > git check-ignore -v -z --stdin [1726ms]
[2022-10-29T16:22:02.675Z] > git check-ignore -v -z --stdin [1715ms]
