[2022-10-23T21:42:03.586Z] Log level: Info
[2022-10-23T21:42:03.605Z] [info] Validating found git in: git
[2022-10-23T21:42:03.704Z] [info] Using git 2.17.1 from git
[2022-10-23T21:42:03.836Z] > git rev-parse --show-toplevel [89ms]
[2022-10-23T21:42:03.836Z] fatal: not a git repository (or any of the parent directories): .git
[2022-10-23T21:42:03.863Z] > git rev-parse --show-toplevel [4ms]
[2022-10-23T21:42:03.863Z] fatal: not a git repository (or any of the parent directories): .git
[2022-10-23T21:42:03.878Z] > git rev-parse --show-toplevel [4ms]
[2022-10-23T21:42:03.878Z] fatal: not a git repository (or any of the parent directories): .git
[2022-10-23T21:42:03.893Z] > git rev-parse --show-toplevel [3ms]
[2022-10-23T21:42:03.893Z] fatal: not a git repository (or any of the parent directories): .git
[2022-10-23T21:42:03.929Z] > git rev-parse --show-toplevel [26ms]
[2022-10-23T21:42:03.929Z] fatal: not a git repository (or any of the parent directories): .git
[2022-10-23T21:42:03.942Z] > git rev-parse --show-toplevel [2ms]
[2022-10-23T21:42:03.942Z] fatal: not a git repository (or any of the parent directories): .git
[2022-10-23T21:42:03.955Z] > git rev-parse --show-toplevel [2ms]
[2022-10-23T21:42:03.955Z] fatal: not a git repository (or any of the parent directories): .git
[2022-10-23T21:42:03.968Z] > git rev-parse --show-toplevel [1ms]
[2022-10-23T21:42:03.968Z] fatal: not a git repository (or any of the parent directories): .git
[2022-10-23T21:42:03.982Z] > git rev-parse --show-toplevel [3ms]
[2022-10-23T21:42:03.982Z] fatal: not a git repository (or any of the parent directories): .git
[2022-10-23T21:42:03.995Z] > git rev-parse --show-toplevel [2ms]
[2022-10-23T21:42:03.995Z] fatal: not a git repository (or any of the parent directories): .git
[2022-10-23T21:42:04.053Z] > git rev-parse --show-toplevel [47ms]
[2022-10-23T21:42:04.054Z] fatal: not a git repository (or any of the parent directories): .git
[2022-10-23T21:42:04.071Z] > git rev-parse --show-toplevel [5ms]
[2022-10-23T21:42:04.071Z] fatal: not a git repository (or any of the parent directories): .git
[2022-10-23T21:42:04.090Z] > git rev-parse --show-toplevel [8ms]
[2022-10-23T21:42:04.090Z] fatal: not a git repository (or any of the parent directories): .git
[2022-10-23T21:42:04.122Z] > git rev-parse --show-toplevel [16ms]
[2022-10-23T21:42:04.122Z] fatal: not a git repository (or any of the parent directories): .git
[2022-10-23T21:42:04.141Z] > git rev-parse --show-toplevel [3ms]
[2022-10-23T21:42:04.141Z] fatal: not a git repository (or any of the parent directories): .git
[2022-10-23T21:42:04.217Z] > git rev-parse --show-toplevel [66ms]
[2022-10-23T21:42:04.217Z] fatal: not a git repository (or any of the parent directories): .git
[2022-10-23T21:42:04.230Z] > git rev-parse --show-toplevel [3ms]
[2022-10-23T21:42:04.230Z] fatal: not a git repository (or any of the parent directories): .git
[2022-10-23T21:42:04.248Z] > git rev-parse --show-toplevel [8ms]
[2022-10-23T21:42:04.263Z] > git rev-parse --git-dir --git-common-dir [4ms]
[2022-10-23T21:42:04.286Z] [info] Open repository: /home/nvidia/jetson-inference
[2022-10-23T21:42:04.321Z] > git rev-parse --show-toplevel [3ms]
[2022-10-23T21:42:04.321Z] fatal: not a git repository (or any of the parent directories): .git
[2022-10-23T21:42:04.347Z] > git rev-parse --show-toplevel [16ms]
[2022-10-23T21:42:04.347Z] fatal: not a git repository (or any of the parent directories): .git
[2022-10-23T21:42:04.361Z] > git rev-parse --show-toplevel [3ms]
[2022-10-23T21:42:04.361Z] fatal: not a git repository (or any of the parent directories): .git
[2022-10-23T21:42:04.380Z] > git rev-parse --show-toplevel [8ms]
[2022-10-23T21:42:04.380Z] fatal: not a git repository (or any of the parent directories): .git
[2022-10-23T21:42:04.503Z] > git status -z -uall [197ms]
[2022-10-23T21:42:04.517Z] > git symbolic-ref --short HEAD [3ms]
[2022-10-23T21:42:04.532Z] > git for-each-ref --format=%(refname)%00%(upstream:short)%00%(objectname)%00%(upstream:track)%00%(upstream:remotename)%00%(upstream:remoteref) refs/heads/master refs/remotes/master [4ms]
[2022-10-23T21:42:04.559Z] > git remote --verbose [6ms]
[2022-10-23T21:42:04.560Z] > git for-each-ref --sort -committerdate --format %(refname) %(objectname) %(*objectname) [17ms]
[2022-10-23T21:42:04.596Z] > git config --get commit.template [2ms]
[2022-10-23T21:42:04.806Z] > git status -z -uall [195ms]
[2022-10-23T21:42:04.820Z] > git symbolic-ref --short HEAD [3ms]
[2022-10-23T21:42:04.835Z] > git for-each-ref --format=%(refname)%00%(upstream:short)%00%(objectname)%00%(upstream:track)%00%(upstream:remotename)%00%(upstream:remoteref) refs/heads/master refs/remotes/master [4ms]
[2022-10-23T21:42:04.857Z] > git for-each-ref --sort -committerdate --format %(refname) %(objectname) %(*objectname) [12ms]
[2022-10-23T21:42:04.861Z] > git remote --verbose [5ms]
[2022-10-23T21:42:04.883Z] > git config --get commit.template [3ms]
[2022-10-23T21:42:04.914Z] > git check-ignore -v -z --stdin [4ms]
[2022-10-23T21:42:05.382Z] > git rev-parse --show-toplevel [2ms]
[2022-10-23T21:42:05.395Z] > git rev-parse --git-dir --git-common-dir [2ms]
[2022-10-23T21:42:05.404Z] [info] Open repository: /home/nvidia/jetson-inference/utils
[2022-10-23T21:42:05.431Z] > git rev-parse --show-toplevel [3ms]
[2022-10-23T21:42:05.444Z] > git rev-parse --git-dir --git-common-dir [3ms]
[2022-10-23T21:42:05.453Z] [info] Open repository: /home/nvidia/jetson-inference/tools/camera-capture
[2022-10-23T21:42:05.479Z] > git status -z -uall [62ms]
[2022-10-23T21:42:05.490Z] > git status -z -uall [24ms]
[2022-10-23T21:42:05.505Z] > git symbolic-ref --short HEAD [4ms]
[2022-10-23T21:42:05.505Z] fatal: ref HEAD is not a symbolic ref
[2022-10-23T21:42:05.516Z] > git symbolic-ref --short HEAD [26ms]
[2022-10-23T21:42:05.516Z] fatal: ref HEAD is not a symbolic ref
[2022-10-23T21:42:05.527Z] > git rev-parse --show-toplevel [49ms]
[2022-10-23T21:42:05.542Z] > git rev-parse HEAD [16ms]
[2022-10-23T21:42:05.564Z] > git rev-parse HEAD [48ms]
[2022-10-23T21:42:05.588Z] > git for-each-ref --sort -committerdate --format %(refname) %(objectname) %(*objectname) [14ms]
[2022-10-23T21:42:05.589Z] > git remote --verbose [27ms]
[2022-10-23T21:42:05.589Z] > git for-each-ref --sort -committerdate --format %(refname) %(objectname) %(*objectname) [37ms]
[2022-10-23T21:42:05.594Z] > git rev-parse --git-dir --git-common-dir [56ms]
[2022-10-23T21:42:05.603Z] [info] Open repository: /home/nvidia/jetson-inference/python/training/classification
[2022-10-23T21:42:05.643Z] > git status -z -uall [27ms]
[2022-10-23T21:42:05.655Z] > git remote --verbose [72ms]
[2022-10-23T21:42:05.676Z] > git symbolic-ref --short HEAD [22ms]
[2022-10-23T21:42:05.676Z] fatal: ref HEAD is not a symbolic ref
[2022-10-23T21:42:05.687Z] > git config --get commit.template [49ms]
[2022-10-23T21:42:05.689Z] > git rev-parse --show-toplevel [62ms]
[2022-10-23T21:42:05.704Z] > git rev-parse --git-dir --git-common-dir [5ms]
[2022-10-23T21:42:05.711Z] [info] Open repository: /home/nvidia/jetson-inference/python/training/detection
[2022-10-23T21:42:05.736Z] > git rev-parse HEAD [50ms]
[2022-10-23T21:42:05.757Z] > git config --get commit.template [83ms]
[2022-10-23T21:42:05.761Z] > git status -z -uall [37ms]
[2022-10-23T21:42:05.772Z] > git remote --verbose [16ms]
[2022-10-23T21:42:05.773Z] > git for-each-ref --sort -committerdate --format %(refname) %(objectname) %(*objectname) [27ms]
[2022-10-23T21:42:05.778Z] > git rev-parse --show-toplevel [43ms]
[2022-10-23T21:42:05.801Z] > git symbolic-ref --short HEAD [29ms]
[2022-10-23T21:42:05.801Z] fatal: ref HEAD is not a symbolic ref
[2022-10-23T21:42:05.814Z] > git config --get commit.template [15ms]
[2022-10-23T21:42:05.815Z] > git rev-parse --git-dir --git-common-dir [27ms]
[2022-10-23T21:42:05.822Z] [info] Open repository: /home/nvidia/jetson-inference/python/training/segmentation
[2022-10-23T21:42:05.849Z] > git status -z -uall [13ms]
[2022-10-23T21:42:05.860Z] > git rev-parse HEAD [49ms]
[2022-10-23T21:42:05.884Z] > git for-each-ref --sort -committerdate --format %(refname) %(objectname) %(*objectname) [14ms]
[2022-10-23T21:42:05.885Z] > git symbolic-ref --short HEAD [25ms]
[2022-10-23T21:42:05.885Z] fatal: ref HEAD is not a symbolic ref
[2022-10-23T21:42:05.896Z] > git rev-parse --show-toplevel [49ms]
[2022-10-23T21:42:05.909Z] > git rev-parse HEAD [13ms]
[2022-10-23T21:42:05.930Z] > git remote --verbose [50ms]
[2022-10-23T21:42:05.934Z] > git remote --verbose [4ms]
[2022-10-23T21:42:05.935Z] > git for-each-ref --sort -committerdate --format %(refname) %(objectname) %(*objectname) [16ms]
[2022-10-23T21:42:05.939Z] > git rev-parse --git-dir --git-common-dir [33ms]
[2022-10-23T21:42:05.947Z] [info] Open repository: /home/nvidia/jetson-inference/plugins/pose
[2022-10-23T21:42:05.990Z] > git status -z -uall [30ms]
[2022-10-23T21:42:06.013Z] > git config --get commit.template [25ms]
[2022-10-23T21:42:06.015Z] > git rev-parse --show-toplevel [44ms]
[2022-10-23T21:42:06.028Z] > git config --get commit.template [16ms]
[2022-10-23T21:42:06.029Z] > git symbolic-ref --short HEAD [29ms]
[2022-10-23T21:42:06.029Z] fatal: ref HEAD is not a symbolic ref
[2022-10-23T21:42:06.041Z] > git rev-parse --git-dir --git-common-dir [16ms]
[2022-10-23T21:42:06.050Z] [info] Open repository: /home/nvidia/jetson-inference/docker/containers
[2022-10-23T21:42:06.070Z] > git rev-parse HEAD [31ms]
[2022-10-23T21:42:06.094Z] > git status -z -uall [31ms]
[2022-10-23T21:42:06.105Z] > git remote --verbose [15ms]
[2022-10-23T21:42:06.106Z] > git for-each-ref --sort -committerdate --format %(refname) %(objectname) %(*objectname) [26ms]
[2022-10-23T21:42:06.122Z] > git symbolic-ref --short HEAD [17ms]
[2022-10-23T21:42:06.122Z] fatal: ref HEAD is not a symbolic ref
[2022-10-23T21:42:06.134Z] > git config --get commit.template [14ms]
[2022-10-23T21:42:06.142Z] > git rev-parse HEAD [10ms]
[2022-10-23T21:42:06.180Z] > git remote --verbose [17ms]
[2022-10-23T21:42:06.181Z] > git for-each-ref --sort -committerdate --format %(refname) %(objectname) %(*objectname) [28ms]
[2022-10-23T21:42:06.198Z] > git check-ignore -v -z --stdin [21ms]
[2022-10-23T21:42:06.201Z] > git config --get commit.template [4ms]
[2022-10-23T21:42:06.490Z] > git rev-parse --show-toplevel [2ms]
[2022-10-23T21:42:06.505Z] > git rev-parse --git-dir --git-common-dir [4ms]
[2022-10-23T21:42:06.518Z] [info] Open repository: /home/nvidia/jetson-inference/python/training/detection/ssd
[2022-10-23T21:42:06.543Z] > git status -z -uall [9ms]
[2022-10-23T21:42:06.565Z] > git symbolic-ref --short HEAD [11ms]
[2022-10-23T21:42:06.565Z] fatal: ref HEAD is not a symbolic ref
[2022-10-23T21:42:06.583Z] > git rev-parse HEAD [7ms]
[2022-10-23T21:42:06.607Z] > git for-each-ref --sort -committerdate --format %(refname) %(objectname) %(*objectname) [14ms]
[2022-10-23T21:42:06.609Z] > git remote --verbose [5ms]
[2022-10-23T21:42:06.636Z] > git config --get commit.template [13ms]
[2022-10-23T21:42:06.734Z] > git check-ignore -v -z --stdin [10ms]
[2022-10-23T21:42:45.755Z] > git rev-parse --show-toplevel [4ms]
[2022-10-23T21:42:45.755Z] fatal: not a git repository (or any of the parent directories): .git
[2022-10-23T21:43:51.411Z] > git rev-parse --show-toplevel [5ms]
[2022-10-23T21:43:51.411Z] fatal: not a git repository (or any of the parent directories): .git
[2022-10-23T21:44:13.439Z] > git rev-parse --show-toplevel [3ms]
[2022-10-23T21:44:13.439Z] fatal: not a git repository (or any of the parent directories): .git
[2022-10-23T21:44:16.382Z] > git rev-parse --show-toplevel [2ms]
[2022-10-23T21:44:16.382Z] fatal: not a git repository (or any of the parent directories): .git
[2022-10-23T21:44:17.370Z] > git rev-parse --show-toplevel [2ms]
[2022-10-23T21:44:17.370Z] fatal: not a git repository (or any of the parent directories): .git
[2022-10-23T21:44:17.436Z] > git rev-parse --show-toplevel [2ms]
[2022-10-23T21:44:17.436Z] fatal: not a git repository (or any of the parent directories): .git
[2022-10-23T21:44:17.545Z] > git rev-parse --show-toplevel [15ms]
[2022-10-23T21:44:17.545Z] fatal: not a git repository (or any of the parent directories): .git
[2022-10-23T21:44:23.715Z] > git rev-parse --show-toplevel [4ms]
[2022-10-23T21:44:23.716Z] fatal: not a git repository (or any of the parent directories): .git
[2022-10-23T21:44:25.615Z] > git rev-parse --show-toplevel [10ms]
[2022-10-23T21:44:25.615Z] fatal: not a git repository (or any of the parent directories): .git
[2022-10-23T21:47:27.411Z] > git rev-parse --show-toplevel [13ms]
[2022-10-23T21:47:27.411Z] fatal: not a git repository (or any of the parent directories): .git
[2022-10-23T21:47:35.473Z] > git rev-parse --show-toplevel [3ms]
[2022-10-23T21:47:35.473Z] fatal: not a git repository (or any of the parent directories): .git
[2022-10-23T21:47:59.261Z] > git check-ignore -v -z --stdin [19ms]
[2022-10-23T21:47:59.264Z] > git check-ignore -v -z --stdin [6ms]
[2022-10-23T21:48:03.611Z] > git check-ignore -v -z --stdin [3ms]
[2022-10-23T21:48:08.888Z] > git check-ignore -v -z --stdin [3ms]
[2022-10-23T21:48:11.342Z] > git check-ignore -v -z --stdin [3ms]
[2022-10-23T21:48:25.980Z] > git check-ignore -v -z --stdin [4ms]
[2022-10-23T21:48:27.665Z] > git check-ignore -v -z --stdin [4ms]
[2022-10-23T21:48:32.556Z] > git show --textconv :python/examples/my-detection.py [18ms]
[2022-10-23T21:48:32.559Z] > git ls-files --stage -- /home/nvidia/jetson-inference/python/examples/my-detection.py [4ms]
[2022-10-23T21:48:32.580Z] > git cat-file -s 7144476a8bea6d28173a932dcf4fb61237e7d5b3 [5ms]
[2022-10-23T21:48:35.062Z] > git show --textconv :python/examples/imagenet.py [20ms]
[2022-10-23T21:48:35.064Z] > git ls-files --stage -- /home/nvidia/jetson-inference/python/examples/imagenet.py [4ms]
[2022-10-23T21:48:35.086Z] > git cat-file -s d24cd6b5d62748f7c6d32d8b19bb8b108002d1e2 [5ms]
[2022-10-23T21:48:48.298Z] > git rev-parse --show-toplevel [4ms]
[2022-10-23T21:48:48.298Z] fatal: not a git repository (or any of the parent directories): .git
[2022-10-23T21:48:55.977Z] > git rev-parse --show-toplevel [4ms]
[2022-10-23T21:48:55.977Z] fatal: not a git repository (or any of the parent directories): .git
[2022-10-23T21:48:56.158Z] > git show --textconv :python/examples/imagenet.py [19ms]
[2022-10-23T21:48:56.161Z] > git ls-files --stage -- /home/nvidia/jetson-inference/python/examples/imagenet.py [4ms]
[2022-10-23T21:48:56.182Z] > git cat-file -s d24cd6b5d62748f7c6d32d8b19bb8b108002d1e2 [5ms]
[2022-10-23T21:49:47.008Z] > git rev-parse --show-toplevel [5ms]
[2022-10-23T21:49:47.008Z] fatal: not a git repository (or any of the parent directories): .git
[2022-10-23T21:49:51.726Z] > git rev-parse --show-toplevel [4ms]
[2022-10-23T21:49:51.726Z] fatal: not a git repository (or any of the parent directories): .git
[2022-10-23T21:49:51.925Z] > git show --textconv :python/examples/imagenet.py [18ms]
[2022-10-23T21:49:51.928Z] > git ls-files --stage -- /home/nvidia/jetson-inference/python/examples/imagenet.py [3ms]
[2022-10-23T21:49:51.948Z] > git cat-file -s d24cd6b5d62748f7c6d32d8b19bb8b108002d1e2 [4ms]
[2022-10-23T21:49:53.593Z] > git rev-parse --show-toplevel [2ms]
[2022-10-23T21:49:53.594Z] fatal: not a git repository (or any of the parent directories): .git
[2022-10-23T21:59:45.913Z] > git ls-files --stage -- /home/nvidia/jetson-inference/python/examples/my-recognition.py [16ms]
[2022-10-23T21:59:45.986Z] > git show --textconv :python/examples/my-recognition.py [114ms]
[2022-10-23T21:59:45.987Z] > git cat-file -s 26d097dff5e41880d993dc71dd83ad0ba27636a9 [44ms]
[2022-10-23T21:59:55.209Z] > git check-ignore -v -z --stdin [13ms]
[2022-10-23T21:59:58.162Z] > git check-ignore -v -z --stdin [4ms]
[2022-10-23T22:00:00.685Z] > git check-ignore -v -z --stdin [11ms]
[2022-10-23T22:00:03.278Z] > git check-ignore -v -z --stdin [53ms]
[2022-10-23T22:00:04.799Z] > git check-ignore -v -z --stdin [3ms]
[2022-10-23T22:00:06.647Z] > git check-ignore -v -z --stdin [3ms]
[2022-10-23T22:00:07.486Z] > git check-ignore -v -z --stdin [6ms]
[2022-10-23T22:00:08.849Z] > git check-ignore -v -z --stdin [3ms]
[2022-10-23T22:00:09.819Z] > git check-ignore -v -z --stdin [4ms]
[2022-10-23T22:00:25.026Z] > git check-ignore -v -z --stdin [4ms]
[2022-10-23T22:01:25.745Z] > git status -z -uall [2788ms]
[2022-10-23T22:01:25.817Z] > git symbolic-ref --short HEAD [30ms]
[2022-10-23T22:01:25.915Z] > git for-each-ref --format=%(refname)%00%(upstream:short)%00%(objectname)%00%(upstream:track)%00%(upstream:remotename)%00%(upstream:remoteref) refs/heads/master refs/remotes/master [5ms]
[2022-10-23T22:01:25.992Z] > git for-each-ref --sort -committerdate --format %(refname) %(objectname) %(*objectname) [58ms]
[2022-10-23T22:01:25.995Z] > git remote --verbose [43ms]
[2022-10-23T22:01:26.053Z] > git config --get commit.template [2ms]
[2022-10-23T22:06:25.272Z] > git check-ignore -v -z --stdin [9ms]
