Visual Studio Code (1.72.2, ssh-remote, desktop)
Jupyter Extension Version: 2022.9.1202862440.
Python Extension Version: 2022.16.1.
Workspace folder /home/nvidia
info 17:44:19.709: ZMQ install verified.
info 17:44:21.385: LSP Notebooks experiment is enabled
info 17:44:21.487: Process Execution: > jupyter notebook --version
> jupyter notebook --version
info 17:44:21.511: Process Execution: > jupyter lab --version
> jupyter lab --version
info 17:44:23.521: Got empty env vars with python /usr/bin/python3 in 241ms
info 17:44:23.521: Got env vars ourselves faster /usr/bin/python3 with env var count 28 in 246ms
info 17:44:23.541: Process Execution: > /usr/bin/python3 -m pip list
> /usr/bin/python3 -m pip list
info 17:44:23.666: Process Execution: > /usr/bin/python3 -c "import pip"
> /usr/bin/python3 -c "import pip"
error 17:44:24.167: interpreterPackages getPackageInformation, Class name = r, completed in 894ms, has a falsy return value, Arg 1: {"interpreter":{"id":"/usr/bin/python3","sysPrefix":"/usr","envType":"Global","envName":"","architecture":3,"sysVersion":"3.6.9 (default, Jun 29 2022, 11:45:57) \n[GCC 8.4.0]","version":{"raw":"3.6.9","major":3,"minor":6,"patch":9,"build":[],"prerelease":["final","0"]},"displayName":"Python 3.6.9 64-bit","detailedDisplayName":"Python 3.6.9 64-bit","uri":{"$mid":1,"fsPath":"/usr/bin/python3","external":"file:///usr/bin/python3","path":"/usr/bin/python3","scheme":"file"}}} [i [Error]: Module 'pip' not installed.
	at l.execModule (/home/nvidia/.vscode-server/extensions/ms-toolsai.jupyter-2022.9.1202862440/out/extension.node.js:7:88752)
	at processTicksAndRejections (node:internal/process/task_queues:96:5)
	at async r.getPackageInformation (/home/nvidia/.vscode-server/extensions/ms-toolsai.jupyter-2022.9.1202862440/out/extension.node.js:17:44012)] {
  category: 'notinstalled',
  moduleName: 'pip'
}
