Experiment 'pythonSurveyNotificationcf' is active
LSP Notebooks experiment is enabled
LSP Notebooks interactive window support is enabled
> conda info --json
> /usr/bin/python ./.vscode-server/extensions/ms-python.python-2022.16.1/pythonFiles/get_output_via_markers.py ./.vscode-server/extensions/ms-python.python-2022.16.1/pythonFiles/interpreterInfo.py
> /usr/bin/python3 ./.vscode-server/extensions/ms-python.python-2022.16.1/pythonFiles/get_output_via_markers.py ./.vscode-server/extensions/ms-python.python-2022.16.1/pythonFiles/interpreterInfo.py
> /usr/include/python3.6 ./.vscode-server/extensions/ms-python.python-2022.16.1/pythonFiles/get_output_via_markers.py ./.vscode-server/extensions/ms-python.python-2022.16.1/pythonFiles/interpreterInfo.py
[ERROR 2022-9-23 17:44:23.148]: [Error: Command failed: /usr/include/python3.6 /home/nvidia/.vscode-server/extensions/ms-python.python-2022.16.1/pythonFiles/get_output_via_markers.py /home/nvidia/.vscode-server/extensions/ms-python.python-2022.16.1/pythonFiles/interpreterInfo.py
/bin/sh: 1: /usr/include/python3.6: Permission denied

	at ChildProcess.exithandler (node:child_process:399:12)
	at ChildProcess.emit (node:events:526:28)
	at maybeClose (node:internal/child_process:1092:16)
	at Socket.<anonymous> (node:internal/child_process:451:11)
	at Socket.emit (node:events:526:28)
	at Pipe.<anonymous> (node:net:687:12)] {
  killed: false,
  code: 126,
  signal: null,
  cmd: '/usr/include/python3.6 /home/nvidia/.vscode-server/extensions/ms-python.python-2022.16.1/pythonFiles/get_output_via_markers.py /home/nvidia/.vscode-server/extensions/ms-python.python-2022.16.1/pythonFiles/interpreterInfo.py'
}
Python interpreter path: /usr/bin/python3
Starting Pylance language server.
