[2022-10-15T17:54:44.032Z] Log level: Info
[2022-10-15T17:54:44.309Z] [info] Validating found git in: git
[2022-10-15T17:54:46.333Z] [info] Using git 2.17.1 from git
[2022-10-15T17:54:46.908Z] > git rev-parse --show-toplevel [115ms]
[2022-10-15T17:54:46.908Z] fatal: not a git repository (or any of the parent directories): .git
[2022-10-15T17:54:47.090Z] > git rev-parse --show-toplevel [17ms]
[2022-10-15T17:54:47.090Z] fatal: not a git repository (or any of the parent directories): .git
[2022-10-15T17:54:47.115Z] > git rev-parse --show-toplevel [8ms]
[2022-10-15T17:54:47.115Z] fatal: not a git repository (or any of the parent directories): .git
[2022-10-15T17:54:47.154Z] > git rev-parse --show-toplevel [23ms]
[2022-10-15T17:54:47.154Z] fatal: not a git repository (or any of the parent directories): .git
[2022-10-15T17:54:47.177Z] > git rev-parse --show-toplevel [8ms]
[2022-10-15T17:54:47.178Z] fatal: not a git repository (or any of the parent directories): .git
[2022-10-15T17:54:47.199Z] > git rev-parse --show-toplevel [4ms]
[2022-10-15T17:54:47.199Z] fatal: not a git repository (or any of the parent directories): .git
[2022-10-15T17:54:47.222Z] > git rev-parse --show-toplevel [7ms]
[2022-10-15T17:54:47.222Z] fatal: not a git repository (or any of the parent directories): .git
[2022-10-15T17:54:47.247Z] > git rev-parse --show-toplevel [7ms]
[2022-10-15T17:54:47.247Z] fatal: not a git repository (or any of the parent directories): .git
[2022-10-15T17:54:47.266Z] > git rev-parse --show-toplevel [4ms]
[2022-10-15T17:54:47.266Z] fatal: not a git repository (or any of the parent directories): .git
[2022-10-15T17:54:47.293Z] > git rev-parse --show-toplevel [12ms]
[2022-10-15T17:54:47.293Z] fatal: not a git repository (or any of the parent directories): .git
[2022-10-15T17:54:47.313Z] > git rev-parse --show-toplevel [4ms]
[2022-10-15T17:54:47.313Z] fatal: not a git repository (or any of the parent directories): .git
[2022-10-15T17:54:47.338Z] > git rev-parse --show-toplevel [5ms]
[2022-10-15T17:54:47.339Z] fatal: not a git repository (or any of the parent directories): .git
[2022-10-15T17:54:47.359Z] > git rev-parse --show-toplevel [4ms]
[2022-10-15T17:54:47.359Z] fatal: not a git repository (or any of the parent directories): .git
[2022-10-15T17:54:47.382Z] > git rev-parse --show-toplevel [7ms]
[2022-10-15T17:54:47.382Z] fatal: not a git repository (or any of the parent directories): .git
[2022-10-15T17:54:47.409Z] > git rev-parse --show-toplevel [12ms]
[2022-10-15T17:54:47.409Z] fatal: not a git repository (or any of the parent directories): .git
[2022-10-15T17:54:47.429Z] > git rev-parse --show-toplevel [4ms]
[2022-10-15T17:54:47.430Z] fatal: not a git repository (or any of the parent directories): .git
[2022-10-15T17:54:47.448Z] > git rev-parse --show-toplevel [5ms]
[2022-10-15T17:54:47.448Z] fatal: not a git repository (or any of the parent directories): .git
[2022-10-15T17:54:47.469Z] > git rev-parse --show-toplevel [4ms]
[2022-10-15T17:54:47.469Z] fatal: not a git repository (or any of the parent directories): .git
