[2022-10-16T21:34:28.128Z] Log level: Info
[2022-10-16T21:34:28.147Z] [info] Validating found git in: git
[2022-10-16T21:34:28.240Z] [info] Using git 2.17.1 from git
[2022-10-16T21:34:28.365Z] > git rev-parse --show-toplevel [82ms]
[2022-10-16T21:34:28.389Z] > git rev-parse --git-dir --git-common-dir [3ms]
[2022-10-16T21:34:28.412Z] [info] Open repository: /home/nvidia/jetson-inference
[2022-10-16T21:34:28.447Z] > git rev-parse --show-toplevel [5ms]
[2022-10-16T21:34:28.462Z] > git rev-parse --show-toplevel [4ms]
[2022-10-16T21:34:28.476Z] > git rev-parse --show-toplevel [2ms]
[2022-10-16T21:34:28.489Z] > git rev-parse --show-toplevel [2ms]
[2022-10-16T21:34:28.505Z] > git rev-parse --show-toplevel [4ms]
[2022-10-16T21:34:28.582Z] > git rev-parse --show-toplevel [67ms]
[2022-10-16T21:34:28.600Z] > git rev-parse --show-toplevel [8ms]
[2022-10-16T21:34:28.616Z] > git rev-parse --show-toplevel [6ms]
[2022-10-16T21:34:28.633Z] > git rev-parse --show-toplevel [7ms]
[2022-10-16T21:34:28.648Z] > git rev-parse --show-toplevel [5ms]
[2022-10-16T21:34:28.663Z] > git rev-parse --show-toplevel [5ms]
[2022-10-16T21:34:28.676Z] > git rev-parse --git-dir --git-common-dir [2ms]
[2022-10-16T21:34:28.685Z] [info] Open repository: /home/nvidia/jetson-inference/utils
[2022-10-16T21:34:28.794Z] > git status -z -uall [96ms]
[2022-10-16T21:34:28.809Z] > git symbolic-ref --short HEAD [3ms]
[2022-10-16T21:34:28.809Z] fatal: ref HEAD is not a symbolic ref
[2022-10-16T21:34:28.824Z] > git rev-parse HEAD [2ms]
[2022-10-16T21:34:28.849Z] > git remote --verbose [4ms]
[2022-10-16T21:34:28.851Z] > git for-each-ref --sort -committerdate --format %(refname) %(objectname) %(*objectname) [18ms]
[2022-10-16T21:34:28.874Z] > git config --get commit.template [3ms]
[2022-10-16T21:34:28.952Z] > git status -z -uall [63ms]
[2022-10-16T21:34:28.971Z] > git symbolic-ref --short HEAD [9ms]
[2022-10-16T21:34:28.971Z] fatal: ref HEAD is not a symbolic ref
[2022-10-16T21:34:28.985Z] > git rev-parse HEAD [4ms]
[2022-10-16T21:34:29.007Z] > git for-each-ref --sort -committerdate --format %(refname) %(objectname) %(*objectname) [12ms]
[2022-10-16T21:34:29.009Z] > git remote --verbose [4ms]
[2022-10-16T21:34:29.028Z] > git config --get commit.template [6ms]
[2022-10-16T21:34:29.104Z] > git status -z -uall [672ms]
[2022-10-16T21:34:29.116Z] > git symbolic-ref --short HEAD [2ms]
[2022-10-16T21:34:29.132Z] > git for-each-ref --format=%(refname)%00%(upstream:short)%00%(objectname)%00%(upstream:track)%00%(upstream:remotename)%00%(upstream:remoteref) refs/heads/master refs/remotes/master [4ms]
[2022-10-16T21:34:29.156Z] > git remote --verbose [4ms]
[2022-10-16T21:34:29.162Z] > git for-each-ref --sort -committerdate --format %(refname) %(objectname) %(*objectname) [19ms]
[2022-10-16T21:34:29.193Z] > git config --get commit.template [2ms]
[2022-10-16T21:34:29.399Z] > git status -z -uall [194ms]
[2022-10-16T21:34:29.412Z] > git symbolic-ref --short HEAD [3ms]
[2022-10-16T21:34:29.427Z] > git for-each-ref --format=%(refname)%00%(upstream:short)%00%(objectname)%00%(upstream:track)%00%(upstream:remotename)%00%(upstream:remoteref) refs/heads/master refs/remotes/master [4ms]
[2022-10-16T21:34:29.451Z] > git for-each-ref --sort -committerdate --format %(refname) %(objectname) %(*objectname) [14ms]
[2022-10-16T21:34:29.453Z] > git remote --verbose [7ms]
[2022-10-16T21:34:29.476Z] > git config --get commit.template [4ms]
[2022-10-16T21:34:29.556Z] > git check-ignore -v -z --stdin [18ms]
[2022-10-16T21:34:29.559Z] > git check-ignore -v -z --stdin [8ms]
[2022-10-16T21:34:29.971Z] > git rev-parse --show-toplevel [2ms]
[2022-10-16T21:34:29.984Z] > git rev-parse --git-dir --git-common-dir [3ms]
[2022-10-16T21:34:29.993Z] [info] Open repository: /home/nvidia/jetson-inference/tools/camera-capture
[2022-10-16T21:34:30.017Z] > git status -z -uall [12ms]
[2022-10-16T21:34:30.029Z] > git rev-parse --show-toplevel [14ms]
[2022-10-16T21:34:30.041Z] > git symbolic-ref --short HEAD [14ms]
[2022-10-16T21:34:30.041Z] fatal: ref HEAD is not a symbolic ref
[2022-10-16T21:34:30.053Z] > git rev-parse --git-dir --git-common-dir [13ms]
[2022-10-16T21:34:30.061Z] [info] Open repository: /home/nvidia/jetson-inference/python/training/classification
[2022-10-16T21:34:30.086Z] > git status -z -uall [13ms]
[2022-10-16T21:34:30.096Z] > git rev-parse HEAD [45ms]
[2022-10-16T21:34:30.125Z] > git remote --verbose [10ms]
[2022-10-16T21:34:30.125Z] > git for-each-ref --sort -committerdate --format %(refname) %(objectname) %(*objectname) [19ms]
[2022-10-16T21:34:30.130Z] > git symbolic-ref --short HEAD [34ms]
[2022-10-16T21:34:30.130Z] fatal: ref HEAD is not a symbolic ref
[2022-10-16T21:34:30.140Z] > git rev-parse --show-toplevel [56ms]
[2022-10-16T21:34:30.161Z] > git rev-parse HEAD [22ms]
[2022-10-16T21:34:30.186Z] > git remote --verbose [5ms]
[2022-10-16T21:34:30.186Z] > git for-each-ref --sort -committerdate --format %(refname) %(objectname) %(*objectname) [15ms]
[2022-10-16T21:34:30.190Z] > git config --get commit.template [30ms]
[2022-10-16T21:34:30.191Z] > git rev-parse --git-dir --git-common-dir [41ms]
[2022-10-16T21:34:30.198Z] [info] Open repository: /home/nvidia/jetson-inference/python/training/detection
[2022-10-16T21:34:30.235Z] > git status -z -uall [25ms]
[2022-10-16T21:34:30.246Z] > git rev-parse --show-toplevel [25ms]
[2022-10-16T21:34:30.258Z] > git symbolic-ref --short HEAD [13ms]
[2022-10-16T21:34:30.258Z] fatal: ref HEAD is not a symbolic ref
[2022-10-16T21:34:30.268Z] > git config --get commit.template [36ms]
[2022-10-16T21:34:30.272Z] > git rev-parse HEAD [4ms]
[2022-10-16T21:34:30.292Z] > git rev-parse --git-dir --git-common-dir [36ms]
[2022-10-16T21:34:30.300Z] [info] Open repository: /home/nvidia/jetson-inference/python/training/segmentation
[2022-10-16T21:34:30.326Z] > git status -z -uall [14ms]
[2022-10-16T21:34:30.337Z] > git remote --verbose [46ms]
[2022-10-16T21:34:30.338Z] > git for-each-ref --sort -committerdate --format %(refname) %(objectname) %(*objectname) [56ms]
[2022-10-16T21:34:30.341Z] > git symbolic-ref --short HEAD [5ms]
[2022-10-16T21:34:30.341Z] fatal: ref HEAD is not a symbolic ref
[2022-10-16T21:34:30.351Z] > git rev-parse --show-toplevel [29ms]
[2022-10-16T21:34:30.366Z] > git rev-parse HEAD [16ms]
[2022-10-16T21:34:30.396Z] > git rev-parse --git-dir --git-common-dir [34ms]
[2022-10-16T21:34:30.404Z] [info] Open repository: /home/nvidia/jetson-inference/plugins/pose
[2022-10-16T21:34:30.440Z] > git status -z -uall [24ms]
[2022-10-16T21:34:30.451Z] > git for-each-ref --sort -committerdate --format %(refname) %(objectname) %(*objectname) [75ms]
[2022-10-16T21:34:30.451Z] > git remote --verbose [65ms]
[2022-10-16T21:34:30.468Z] > git symbolic-ref --short HEAD [18ms]
[2022-10-16T21:34:30.468Z] fatal: ref HEAD is not a symbolic ref
[2022-10-16T21:34:30.478Z] > git config --get commit.template [40ms]
[2022-10-16T21:34:30.480Z] > git rev-parse --show-toplevel [53ms]
[2022-10-16T21:34:30.497Z] > git rev-parse HEAD [20ms]
[2022-10-16T21:34:30.518Z] > git config --get commit.template [52ms]
[2022-10-16T21:34:30.522Z] > git remote --verbose [6ms]
[2022-10-16T21:34:30.522Z] > git rev-parse --git-dir --git-common-dir [32ms]
[2022-10-16T21:34:30.530Z] [info] Open repository: /home/nvidia/jetson-inference/docker/containers
[2022-10-16T21:34:30.544Z] > git for-each-ref --sort -committerdate --format %(refname) %(objectname) %(*objectname) [38ms]
[2022-10-16T21:34:30.562Z] > git status -z -uall [21ms]
[2022-10-16T21:34:30.586Z] > git config --get commit.template [26ms]
[2022-10-16T21:34:30.589Z] > git symbolic-ref --short HEAD [16ms]
[2022-10-16T21:34:30.589Z] fatal: ref HEAD is not a symbolic ref
[2022-10-16T21:34:30.601Z] > git rev-parse HEAD [3ms]
[2022-10-16T21:34:30.628Z] > git remote --verbose [5ms]
[2022-10-16T21:34:30.628Z] > git for-each-ref --sort -committerdate --format %(refname) %(objectname) %(*objectname) [16ms]
[2022-10-16T21:34:30.646Z] > git config --get commit.template [4ms]
[2022-10-16T21:34:30.907Z] > git rev-parse --show-toplevel [3ms]
[2022-10-16T21:34:30.930Z] > git rev-parse --git-dir --git-common-dir [12ms]
[2022-10-16T21:34:30.942Z] [info] Open repository: /home/nvidia/jetson-inference/python/training/detection/ssd
[2022-10-16T21:34:30.967Z] > git status -z -uall [10ms]
[2022-10-16T21:34:30.980Z] > git symbolic-ref --short HEAD [3ms]
[2022-10-16T21:34:30.980Z] fatal: ref HEAD is not a symbolic ref
[2022-10-16T21:34:31.020Z] > git rev-parse HEAD [30ms]
[2022-10-16T21:34:31.046Z] > git check-ignore -v -z --stdin [39ms]
[2022-10-16T21:34:31.049Z] > git check-ignore -v -z --stdin [31ms]
[2022-10-16T21:34:31.050Z] > git for-each-ref --sort -committerdate --format %(refname) %(objectname) %(*objectname) [19ms]
[2022-10-16T21:34:31.051Z] > git remote --verbose [9ms]
[2022-10-16T21:34:31.068Z] > git config --get commit.template [3ms]
[2022-10-16T21:34:31.600Z] > git check-ignore -v -z --stdin [13ms]
[2022-10-16T21:34:31.602Z] > git check-ignore -v -z --stdin [5ms]
