[2022-10-23 17:42:02.886] [exthost] [info] Extension host with pid 8355 started
[2022-10-23 17:42:02.897] [exthost] [error] Error: EEXIST: file already exists, open '/home/nvidia/.vscode-server/data/User/workspaceStorage/a2e3adca70cf0c88dd3f21f3d71a0ac1/vscode.lock'
[2022-10-23 17:42:02.920] [exthost] [info] Lock '/home/nvidia/.vscode-server/data/User/workspaceStorage/a2e3adca70cf0c88dd3f21f3d71a0ac1/vscode.lock': Could not acquire lock, checking if the file is stale.
[2022-10-23 17:42:02.938] [exthost] [info] Lock '/home/nvidia/.vscode-server/data/User/workspaceStorage/a2e3adca70cf0c88dd3f21f3d71a0ac1/vscode.lock': The pid 10571 appears to be gone.
[2022-10-23 17:42:02.938] [exthost] [info] Lock '/home/nvidia/.vscode-server/data/User/workspaceStorage/a2e3adca70cf0c88dd3f21f3d71a0ac1/vscode.lock': Deleting a stale lock.
[2022-10-23 17:42:03.012] [exthost] [info] ExtensionService#_doActivateExtension vscode.debug-auto-launch, startup: true, activationEvent: '*'
[2022-10-23 17:42:03.016] [exthost] [info] ExtensionService#_doActivateExtension vscode.git-base, startup: true, activationEvent: '*', root cause: vscode.git
[2022-10-23 17:42:03.017] [exthost] [info] ExtensionService#_doActivateExtension vscode.ipynb, startup: true, activationEvent: '*'
[2022-10-23 17:42:03.106] [exthost] [info] Lock '/home/nvidia/.vscode-server/data/User/workspaceStorage/a2e3adca70cf0c88dd3f21f3d71a0ac1/vscode.lock': Lock acquired.
[2022-10-23 17:42:03.228] [exthost] [info] ExtensionService#_doActivateExtension vscode.git, startup: true, activationEvent: '*'
[2022-10-23 17:42:03.229] [exthost] [info] ExtensionService#_doActivateExtension vscode.github, startup: true, activationEvent: '*'
[2022-10-23 17:42:03.754] [exthost] [info] ExtensionService#_doActivateExtension vscode.emmet, startup: false, activationEvent: 'onStartupFinished'
[2022-10-23 17:42:03.756] [exthost] [info] ExtensionService#_doActivateExtension vscode.merge-conflict, startup: false, activationEvent: 'onStartupFinished'
[2022-10-23 17:42:03.757] [exthost] [info] Eager extensions activated
[2022-10-23 17:44:17.578] [exthost] [info] ExtensionService#_doActivateExtension ms-toolsai.jupyter, startup: false, activationEvent: 'onLanguage:python'
[2022-10-23 17:44:17.579] [exthost] [info] ExtensionService#_doActivateExtension ms-python.python, startup: false, activationEvent: 'onLanguage:python'
[2022-10-23 17:44:21.340] [exthost] [info] ExtensionService#_doActivateExtension ms-toolsai.jupyter-renderers, startup: false, activationEvent: 'api', root cause: ms-toolsai.jupyter
[2022-10-23 17:44:22.000] [exthost] [info] ExtensionService#_doActivateExtension ms-python.vscode-pylance, startup: false, activationEvent: 'onLanguage:python'
[2022-10-23 17:47:26.467] [exthost] [info] ExtensionService#_doActivateExtension vscode.configuration-editing, startup: false, activationEvent: 'onLanguage:jsonc'
[2022-10-23 17:47:26.468] [exthost] [info] ExtensionService#_doActivateExtension vscode.json-language-features, startup: false, activationEvent: 'onLanguage:jsonc'
[2022-10-23 17:47:26.469] [exthost] [info] ExtensionService#_doActivateExtension vscode.typescript-language-features, startup: false, activationEvent: 'onLanguage:jsonc'
[2022-10-23 18:00:03.291] [exthost] [error] {"message":"Git error","stdout":"","stderr":"fatal: pathspec '/home/nvidia/jetson-inference/build/aarch64/bin/images/qa' is beyond a symbolic link\n","exitCode":128}
[2022-10-23 18:00:03.308] [exthost] [error] {"message":"Git error","stdout":"","stderr":"fatal: pathspec '/home/nvidia/jetson-inference/build/aarch64/bin/images/qa' is beyond a symbolic link\n","exitCode":128}
[2022-10-23 18:00:03.308] [exthost] [error] {"message":"Git error","stdout":"","stderr":"fatal: pathspec '/home/nvidia/jetson-inference/build/aarch64/bin/images/qa' is beyond a symbolic link\n","exitCode":128}
[2022-10-23 18:00:03.308] [exthost] [error] {"message":"Git error","stdout":"","stderr":"fatal: pathspec '/home/nvidia/jetson-inference/build/aarch64/bin/images/qa' is beyond a symbolic link\n","exitCode":128}
[2022-10-23 18:00:03.308] [exthost] [error] {"message":"Git error","stdout":"","stderr":"fatal: pathspec '/home/nvidia/jetson-inference/build/aarch64/bin/images/qa' is beyond a symbolic link\n","exitCode":128}
[2022-10-23 18:00:03.308] [exthost] [error] {"message":"Git error","stdout":"","stderr":"fatal: pathspec '/home/nvidia/jetson-inference/build/aarch64/bin/images/qa' is beyond a symbolic link\n","exitCode":128}
[2022-10-23 18:00:03.308] [exthost] [error] {"message":"Git error","stdout":"","stderr":"fatal: pathspec '/home/nvidia/jetson-inference/build/aarch64/bin/images/qa' is beyond a symbolic link\n","exitCode":128}
[2022-10-23 18:00:03.308] [exthost] [error] {"message":"Git error","stdout":"","stderr":"fatal: pathspec '/home/nvidia/jetson-inference/build/aarch64/bin/images/qa' is beyond a symbolic link\n","exitCode":128}
[2022-10-23 18:00:03.308] [exthost] [error] {"message":"Git error","stdout":"","stderr":"fatal: pathspec '/home/nvidia/jetson-inference/build/aarch64/bin/images/qa' is beyond a symbolic link\n","exitCode":128}
[2022-10-23 18:00:03.308] [exthost] [error] {"message":"Git error","stdout":"","stderr":"fatal: pathspec '/home/nvidia/jetson-inference/build/aarch64/bin/images/qa' is beyond a symbolic link\n","exitCode":128}
[2022-10-23 18:00:03.308] [exthost] [error] {"message":"Git error","stdout":"","stderr":"fatal: pathspec '/home/nvidia/jetson-inference/build/aarch64/bin/images/qa' is beyond a symbolic link\n","exitCode":128}
[2022-10-23 18:00:03.308] [exthost] [error] {"message":"Git error","stdout":"","stderr":"fatal: pathspec '/home/nvidia/jetson-inference/build/aarch64/bin/images/qa' is beyond a symbolic link\n","exitCode":128}
[2022-10-23 18:00:03.308] [exthost] [error] {"message":"Git error","stdout":"","stderr":"fatal: pathspec '/home/nvidia/jetson-inference/build/aarch64/bin/images/qa' is beyond a symbolic link\n","exitCode":128}
[2022-10-23 18:00:03.308] [exthost] [error] {"message":"Git error","stdout":"","stderr":"fatal: pathspec '/home/nvidia/jetson-inference/build/aarch64/bin/images/qa' is beyond a symbolic link\n","exitCode":128}
[2022-10-23 18:00:03.308] [exthost] [error] {"message":"Git error","stdout":"","stderr":"fatal: pathspec '/home/nvidia/jetson-inference/build/aarch64/bin/images/qa' is beyond a symbolic link\n","exitCode":128}
[2022-10-23 18:00:03.309] [exthost] [error] {"message":"Git error","stdout":"","stderr":"fatal: pathspec '/home/nvidia/jetson-inference/build/aarch64/bin/images/qa' is beyond a symbolic link\n","exitCode":128}
[2022-10-23 18:00:03.309] [exthost] [error] {"message":"Git error","stdout":"","stderr":"fatal: pathspec '/home/nvidia/jetson-inference/build/aarch64/bin/images/qa' is beyond a symbolic link\n","exitCode":128}
[2022-10-23 18:00:03.309] [exthost] [error] {"message":"Git error","stdout":"","stderr":"fatal: pathspec '/home/nvidia/jetson-inference/build/aarch64/bin/images/qa' is beyond a symbolic link\n","exitCode":128}
[2022-10-23 18:00:03.309] [exthost] [error] {"message":"Git error","stdout":"","stderr":"fatal: pathspec '/home/nvidia/jetson-inference/build/aarch64/bin/images/qa' is beyond a symbolic link\n","exitCode":128}
[2022-10-23 18:00:03.309] [exthost] [error] {"message":"Git error","stdout":"","stderr":"fatal: pathspec '/home/nvidia/jetson-inference/build/aarch64/bin/images/qa' is beyond a symbolic link\n","exitCode":128}
[2022-10-23 18:00:03.309] [exthost] [error] {"message":"Git error","stdout":"","stderr":"fatal: pathspec '/home/nvidia/jetson-inference/build/aarch64/bin/images/qa' is beyond a symbolic link\n","exitCode":128}
[2022-10-23 18:00:03.309] [exthost] [error] {"message":"Git error","stdout":"","stderr":"fatal: pathspec '/home/nvidia/jetson-inference/build/aarch64/bin/images/qa' is beyond a symbolic link\n","exitCode":128}
[2022-10-23 18:00:03.309] [exthost] [error] {"message":"Git error","stdout":"","stderr":"fatal: pathspec '/home/nvidia/jetson-inference/build/aarch64/bin/images/qa' is beyond a symbolic link\n","exitCode":128}
[2022-10-23 18:00:03.309] [exthost] [error] {"message":"Git error","stdout":"","stderr":"fatal: pathspec '/home/nvidia/jetson-inference/build/aarch64/bin/images/qa' is beyond a symbolic link\n","exitCode":128}
[2022-10-23 18:00:03.309] [exthost] [error] {"message":"Git error","stdout":"","stderr":"fatal: pathspec '/home/nvidia/jetson-inference/build/aarch64/bin/images/qa' is beyond a symbolic link\n","exitCode":128}
[2022-10-23 18:00:03.310] [exthost] [error] {"message":"Git error","stdout":"","stderr":"fatal: pathspec '/home/nvidia/jetson-inference/build/aarch64/bin/images/qa' is beyond a symbolic link\n","exitCode":128}
[2022-10-23 18:00:03.310] [exthost] [error] {"message":"Git error","stdout":"","stderr":"fatal: pathspec '/home/nvidia/jetson-inference/build/aarch64/bin/images/qa' is beyond a symbolic link\n","exitCode":128}
[2022-10-23 18:00:03.310] [exthost] [error] {"message":"Git error","stdout":"","stderr":"fatal: pathspec '/home/nvidia/jetson-inference/build/aarch64/bin/images/qa' is beyond a symbolic link\n","exitCode":128}
[2022-10-23 18:00:03.310] [exthost] [error] {"message":"Git error","stdout":"","stderr":"fatal: pathspec '/home/nvidia/jetson-inference/build/aarch64/bin/images/qa' is beyond a symbolic link\n","exitCode":128}
[2022-10-23 18:00:04.801] [exthost] [error] {"message":"Git error","stdout":"","stderr":"fatal: pathspec '/home/nvidia/jetson-inference/build/aarch64/bin/images/drone_0428.png' is beyond a symbolic link\n","exitCode":128}
[2022-10-23 18:00:04.801] [exthost] [error] {"message":"Git error","stdout":"","stderr":"fatal: pathspec '/home/nvidia/jetson-inference/build/aarch64/bin/images/drone_0428.png' is beyond a symbolic link\n","exitCode":128}
[2022-10-23 18:00:04.801] [exthost] [error] {"message":"Git error","stdout":"","stderr":"fatal: pathspec '/home/nvidia/jetson-inference/build/aarch64/bin/images/drone_0428.png' is beyond a symbolic link\n","exitCode":128}
[2022-10-23 18:00:04.801] [exthost] [error] {"message":"Git error","stdout":"","stderr":"fatal: pathspec '/home/nvidia/jetson-inference/build/aarch64/bin/images/drone_0428.png' is beyond a symbolic link\n","exitCode":128}
[2022-10-23 18:00:04.801] [exthost] [error] {"message":"Git error","stdout":"","stderr":"fatal: pathspec '/home/nvidia/jetson-inference/build/aarch64/bin/images/drone_0428.png' is beyond a symbolic link\n","exitCode":128}
[2022-10-23 18:00:06.649] [exthost] [error] {"message":"Git error","stdout":"","stderr":"fatal: pathspec '/home/nvidia/jetson-inference/build/aarch64/bin/images/fruit_2.jpg' is beyond a symbolic link\n","exitCode":128}
[2022-10-23 18:00:06.649] [exthost] [error] {"message":"Git error","stdout":"","stderr":"fatal: pathspec '/home/nvidia/jetson-inference/build/aarch64/bin/images/fruit_2.jpg' is beyond a symbolic link\n","exitCode":128}
[2022-10-23 18:00:07.488] [exthost] [error] {"message":"Git error","stdout":"","stderr":"fatal: pathspec '/home/nvidia/jetson-inference/build/aarch64/bin/images/fruit_4.jpg' is beyond a symbolic link\n","exitCode":128}
[2022-10-23 18:00:07.488] [exthost] [error] {"message":"Git error","stdout":"","stderr":"fatal: pathspec '/home/nvidia/jetson-inference/build/aarch64/bin/images/fruit_4.jpg' is beyond a symbolic link\n","exitCode":128}
[2022-10-23 18:00:07.488] [exthost] [error] {"message":"Git error","stdout":"","stderr":"fatal: pathspec '/home/nvidia/jetson-inference/build/aarch64/bin/images/fruit_4.jpg' is beyond a symbolic link\n","exitCode":128}
[2022-10-23 18:00:07.488] [exthost] [error] {"message":"Git error","stdout":"","stderr":"fatal: pathspec '/home/nvidia/jetson-inference/build/aarch64/bin/images/fruit_4.jpg' is beyond a symbolic link\n","exitCode":128}
[2022-10-23 18:00:08.850] [exthost] [error] {"message":"Git error","stdout":"","stderr":"fatal: pathspec '/home/nvidia/jetson-inference/build/aarch64/bin/images/fruit_8.jpg' is beyond a symbolic link\n","exitCode":128}
[2022-10-23 18:00:08.851] [exthost] [error] {"message":"Git error","stdout":"","stderr":"fatal: pathspec '/home/nvidia/jetson-inference/build/aarch64/bin/images/fruit_8.jpg' is beyond a symbolic link\n","exitCode":128}
[2022-10-23 18:00:08.851] [exthost] [error] {"message":"Git error","stdout":"","stderr":"fatal: pathspec '/home/nvidia/jetson-inference/build/aarch64/bin/images/fruit_8.jpg' is beyond a symbolic link\n","exitCode":128}
[2022-10-23 18:00:08.851] [exthost] [error] {"message":"Git error","stdout":"","stderr":"fatal: pathspec '/home/nvidia/jetson-inference/build/aarch64/bin/images/fruit_8.jpg' is beyond a symbolic link\n","exitCode":128}
[2022-10-23 18:00:08.851] [exthost] [error] {"message":"Git error","stdout":"","stderr":"fatal: pathspec '/home/nvidia/jetson-inference/build/aarch64/bin/images/fruit_8.jpg' is beyond a symbolic link\n","exitCode":128}
[2022-10-23 18:00:09.821] [exthost] [error] {"message":"Git error","stdout":"","stderr":"fatal: pathspec '/home/nvidia/jetson-inference/build/aarch64/bin/images/fruit_13.jpg' is beyond a symbolic link\n","exitCode":128}
[2022-10-23 18:00:09.821] [exthost] [error] {"message":"Git error","stdout":"","stderr":"fatal: pathspec '/home/nvidia/jetson-inference/build/aarch64/bin/images/fruit_13.jpg' is beyond a symbolic link\n","exitCode":128}
[2022-10-23 18:00:09.821] [exthost] [error] {"message":"Git error","stdout":"","stderr":"fatal: pathspec '/home/nvidia/jetson-inference/build/aarch64/bin/images/fruit_13.jpg' is beyond a symbolic link\n","exitCode":128}
[2022-10-23 18:00:09.821] [exthost] [error] {"message":"Git error","stdout":"","stderr":"fatal: pathspec '/home/nvidia/jetson-inference/build/aarch64/bin/images/fruit_13.jpg' is beyond a symbolic link\n","exitCode":128}
[2022-10-23 18:00:25.032] [exthost] [error] {"message":"Git error","stdout":"","stderr":"fatal: pathspec '/home/nvidia/jetson-inference/build/aarch64/bin/images/fruit_17.jpg' is beyond a symbolic link\n","exitCode":128}
[2022-10-23 18:00:25.032] [exthost] [error] {"message":"Git error","stdout":"","stderr":"fatal: pathspec '/home/nvidia/jetson-inference/build/aarch64/bin/images/fruit_17.jpg' is beyond a symbolic link\n","exitCode":128}
[2022-10-23 18:00:25.032] [exthost] [error] {"message":"Git error","stdout":"","stderr":"fatal: pathspec '/home/nvidia/jetson-inference/build/aarch64/bin/images/fruit_17.jpg' is beyond a symbolic link\n","exitCode":128}
[2022-10-23 18:00:25.032] [exthost] [error] {"message":"Git error","stdout":"","stderr":"fatal: pathspec '/home/nvidia/jetson-inference/build/aarch64/bin/images/fruit_17.jpg' is beyond a symbolic link\n","exitCode":128}
[2022-10-23 18:00:25.032] [exthost] [error] {"message":"Git error","stdout":"","stderr":"fatal: pathspec '/home/nvidia/jetson-inference/build/aarch64/bin/images/fruit_17.jpg' is beyond a symbolic link\n","exitCode":128}
[2022-10-23 18:00:25.032] [exthost] [error] {"message":"Git error","stdout":"","stderr":"fatal: pathspec '/home/nvidia/jetson-inference/build/aarch64/bin/images/fruit_17.jpg' is beyond a symbolic link\n","exitCode":128}
[2022-10-23 18:00:25.032] [exthost] [error] {"message":"Git error","stdout":"","stderr":"fatal: pathspec '/home/nvidia/jetson-inference/build/aarch64/bin/images/fruit_17.jpg' is beyond a symbolic link\n","exitCode":128}
[2022-10-23 18:00:25.032] [exthost] [error] {"message":"Git error","stdout":"","stderr":"fatal: pathspec '/home/nvidia/jetson-inference/build/aarch64/bin/images/fruit_17.jpg' is beyond a symbolic link\n","exitCode":128}
[2022-10-23 18:00:25.032] [exthost] [error] {"message":"Git error","stdout":"","stderr":"fatal: pathspec '/home/nvidia/jetson-inference/build/aarch64/bin/images/fruit_17.jpg' is beyond a symbolic link\n","exitCode":128}
[2022-10-23 18:00:25.032] [exthost] [error] {"message":"Git error","stdout":"","stderr":"fatal: pathspec '/home/nvidia/jetson-inference/build/aarch64/bin/images/fruit_17.jpg' is beyond a symbolic link\n","exitCode":128}
[2022-10-23 18:00:25.032] [exthost] [error] {"message":"Git error","stdout":"","stderr":"fatal: pathspec '/home/nvidia/jetson-inference/build/aarch64/bin/images/fruit_17.jpg' is beyond a symbolic link\n","exitCode":128}
[2022-10-23 18:00:25.032] [exthost] [error] {"message":"Git error","stdout":"","stderr":"fatal: pathspec '/home/nvidia/jetson-inference/build/aarch64/bin/images/fruit_17.jpg' is beyond a symbolic link\n","exitCode":128}
[2022-10-23 18:00:25.033] [exthost] [error] {"message":"Git error","stdout":"","stderr":"fatal: pathspec '/home/nvidia/jetson-inference/build/aarch64/bin/images/fruit_17.jpg' is beyond a symbolic link\n","exitCode":128}
[2022-10-23 18:00:25.033] [exthost] [error] {"message":"Git error","stdout":"","stderr":"fatal: pathspec '/home/nvidia/jetson-inference/build/aarch64/bin/images/fruit_17.jpg' is beyond a symbolic link\n","exitCode":128}
[2022-10-23 18:00:25.033] [exthost] [error] {"message":"Git error","stdout":"","stderr":"fatal: pathspec '/home/nvidia/jetson-inference/build/aarch64/bin/images/fruit_17.jpg' is beyond a symbolic link\n","exitCode":128}
[2022-10-23 18:00:25.033] [exthost] [error] {"message":"Git error","stdout":"","stderr":"fatal: pathspec '/home/nvidia/jetson-inference/build/aarch64/bin/images/fruit_17.jpg' is beyond a symbolic link\n","exitCode":128}
[2022-10-23 18:00:25.033] [exthost] [error] {"message":"Git error","stdout":"","stderr":"fatal: pathspec '/home/nvidia/jetson-inference/build/aarch64/bin/images/fruit_17.jpg' is beyond a symbolic link\n","exitCode":128}
[2022-10-23 18:00:25.033] [exthost] [error] {"message":"Git error","stdout":"","stderr":"fatal: pathspec '/home/nvidia/jetson-inference/build/aarch64/bin/images/fruit_17.jpg' is beyond a symbolic link\n","exitCode":128}
[2022-10-23 18:00:25.033] [exthost] [error] {"message":"Git error","stdout":"","stderr":"fatal: pathspec '/home/nvidia/jetson-inference/build/aarch64/bin/images/fruit_17.jpg' is beyond a symbolic link\n","exitCode":128}
[2022-10-23 18:00:25.033] [exthost] [error] {"message":"Git error","stdout":"","stderr":"fatal: pathspec '/home/nvidia/jetson-inference/build/aarch64/bin/images/fruit_17.jpg' is beyond a symbolic link\n","exitCode":128}
[2022-10-23 18:00:25.033] [exthost] [error] {"message":"Git error","stdout":"","stderr":"fatal: pathspec '/home/nvidia/jetson-inference/build/aarch64/bin/images/fruit_17.jpg' is beyond a symbolic link\n","exitCode":128}
[2022-10-23 18:00:25.033] [exthost] [error] {"message":"Git error","stdout":"","stderr":"fatal: pathspec '/home/nvidia/jetson-inference/build/aarch64/bin/images/fruit_17.jpg' is beyond a symbolic link\n","exitCode":128}
[2022-10-23 18:00:25.033] [exthost] [error] {"message":"Git error","stdout":"","stderr":"fatal: pathspec '/home/nvidia/jetson-inference/build/aarch64/bin/images/fruit_17.jpg' is beyond a symbolic link\n","exitCode":128}
[2022-10-23 18:00:25.033] [exthost] [error] {"message":"Git error","stdout":"","stderr":"fatal: pathspec '/home/nvidia/jetson-inference/build/aarch64/bin/images/fruit_17.jpg' is beyond a symbolic link\n","exitCode":128}
[2022-10-23 18:00:25.033] [exthost] [error] {"message":"Git error","stdout":"","stderr":"fatal: pathspec '/home/nvidia/jetson-inference/build/aarch64/bin/images/fruit_17.jpg' is beyond a symbolic link\n","exitCode":128}
[2022-10-23 18:00:25.033] [exthost] [error] {"message":"Git error","stdout":"","stderr":"fatal: pathspec '/home/nvidia/jetson-inference/build/aarch64/bin/images/fruit_17.jpg' is beyond a symbolic link\n","exitCode":128}
[2022-10-23 18:00:25.033] [exthost] [error] {"message":"Git error","stdout":"","stderr":"fatal: pathspec '/home/nvidia/jetson-inference/build/aarch64/bin/images/fruit_17.jpg' is beyond a symbolic link\n","exitCode":128}
[2022-10-23 18:00:25.033] [exthost] [error] {"message":"Git error","stdout":"","stderr":"fatal: pathspec '/home/nvidia/jetson-inference/build/aarch64/bin/images/fruit_17.jpg' is beyond a symbolic link\n","exitCode":128}
[2022-10-23 18:00:25.033] [exthost] [error] {"message":"Git error","stdout":"","stderr":"fatal: pathspec '/home/nvidia/jetson-inference/build/aarch64/bin/images/fruit_17.jpg' is beyond a symbolic link\n","exitCode":128}
[2022-10-23 18:00:25.033] [exthost] [error] {"message":"Git error","stdout":"","stderr":"fatal: pathspec '/home/nvidia/jetson-inference/build/aarch64/bin/images/fruit_17.jpg' is beyond a symbolic link\n","exitCode":128}
[2022-10-23 18:00:25.033] [exthost] [error] {"message":"Git error","stdout":"","stderr":"fatal: pathspec '/home/nvidia/jetson-inference/build/aarch64/bin/images/fruit_17.jpg' is beyond a symbolic link\n","exitCode":128}
[2022-10-23 18:00:25.034] [exthost] [error] {"message":"Git error","stdout":"","stderr":"fatal: pathspec '/home/nvidia/jetson-inference/build/aarch64/bin/images/fruit_17.jpg' is beyond a symbolic link\n","exitCode":128}
[2022-10-23 18:00:25.034] [exthost] [error] {"message":"Git error","stdout":"","stderr":"fatal: pathspec '/home/nvidia/jetson-inference/build/aarch64/bin/images/fruit_17.jpg' is beyond a symbolic link\n","exitCode":128}
[2022-10-23 18:00:25.034] [exthost] [error] {"message":"Git error","stdout":"","stderr":"fatal: pathspec '/home/nvidia/jetson-inference/build/aarch64/bin/images/fruit_17.jpg' is beyond a symbolic link\n","exitCode":128}
[2022-10-23 18:00:25.034] [exthost] [error] {"message":"Git error","stdout":"","stderr":"fatal: pathspec '/home/nvidia/jetson-inference/build/aarch64/bin/images/fruit_17.jpg' is beyond a symbolic link\n","exitCode":128}
[2022-10-23 18:00:25.034] [exthost] [error] {"message":"Git error","stdout":"","stderr":"fatal: pathspec '/home/nvidia/jetson-inference/build/aarch64/bin/images/fruit_17.jpg' is beyond a symbolic link\n","exitCode":128}
[2022-10-23 18:00:25.034] [exthost] [error] {"message":"Git error","stdout":"","stderr":"fatal: pathspec '/home/nvidia/jetson-inference/build/aarch64/bin/images/fruit_17.jpg' is beyond a symbolic link\n","exitCode":128}
[2022-10-23 18:00:25.034] [exthost] [error] {"message":"Git error","stdout":"","stderr":"fatal: pathspec '/home/nvidia/jetson-inference/build/aarch64/bin/images/fruit_17.jpg' is beyond a symbolic link\n","exitCode":128}
[2022-10-23 18:00:25.034] [exthost] [error] {"message":"Git error","stdout":"","stderr":"fatal: pathspec '/home/nvidia/jetson-inference/build/aarch64/bin/images/fruit_17.jpg' is beyond a symbolic link\n","exitCode":128}
[2022-10-23 18:00:25.034] [exthost] [error] {"message":"Git error","stdout":"","stderr":"fatal: pathspec '/home/nvidia/jetson-inference/build/aarch64/bin/images/fruit_17.jpg' is beyond a symbolic link\n","exitCode":128}
[2022-10-23 18:00:25.034] [exthost] [error] {"message":"Git error","stdout":"","stderr":"fatal: pathspec '/home/nvidia/jetson-inference/build/aarch64/bin/images/fruit_17.jpg' is beyond a symbolic link\n","exitCode":128}
[2022-10-23 18:00:25.034] [exthost] [error] {"message":"Git error","stdout":"","stderr":"fatal: pathspec '/home/nvidia/jetson-inference/build/aarch64/bin/images/fruit_17.jpg' is beyond a symbolic link\n","exitCode":128}
[2022-10-23 18:00:25.034] [exthost] [error] {"message":"Git error","stdout":"","stderr":"fatal: pathspec '/home/nvidia/jetson-inference/build/aarch64/bin/images/fruit_17.jpg' is beyond a symbolic link\n","exitCode":128}
[2022-10-23 18:00:25.034] [exthost] [error] {"message":"Git error","stdout":"","stderr":"fatal: pathspec '/home/nvidia/jetson-inference/build/aarch64/bin/images/fruit_17.jpg' is beyond a symbolic link\n","exitCode":128}
[2022-10-23 18:00:25.034] [exthost] [error] {"message":"Git error","stdout":"","stderr":"fatal: pathspec '/home/nvidia/jetson-inference/build/aarch64/bin/images/fruit_17.jpg' is beyond a symbolic link\n","exitCode":128}
[2022-10-23 18:00:25.034] [exthost] [error] {"message":"Git error","stdout":"","stderr":"fatal: pathspec '/home/nvidia/jetson-inference/build/aarch64/bin/images/fruit_17.jpg' is beyond a symbolic link\n","exitCode":128}
[2022-10-23 18:00:25.034] [exthost] [error] {"message":"Git error","stdout":"","stderr":"fatal: pathspec '/home/nvidia/jetson-inference/build/aarch64/bin/images/fruit_17.jpg' is beyond a symbolic link\n","exitCode":128}
[2022-10-23 18:00:25.034] [exthost] [error] {"message":"Git error","stdout":"","stderr":"fatal: pathspec '/home/nvidia/jetson-inference/build/aarch64/bin/images/fruit_17.jpg' is beyond a symbolic link\n","exitCode":128}
[2022-10-23 18:00:25.034] [exthost] [error] {"message":"Git error","stdout":"","stderr":"fatal: pathspec '/home/nvidia/jetson-inference/build/aarch64/bin/images/fruit_17.jpg' is beyond a symbolic link\n","exitCode":128}
[2022-10-23 18:00:25.034] [exthost] [error] {"message":"Git error","stdout":"","stderr":"fatal: pathspec '/home/nvidia/jetson-inference/build/aarch64/bin/images/fruit_17.jpg' is beyond a symbolic link\n","exitCode":128}
[2022-10-23 18:00:25.034] [exthost] [error] {"message":"Git error","stdout":"","stderr":"fatal: pathspec '/home/nvidia/jetson-inference/build/aarch64/bin/images/fruit_17.jpg' is beyond a symbolic link\n","exitCode":128}
[2022-10-23 18:00:25.034] [exthost] [error] {"message":"Git error","stdout":"","stderr":"fatal: pathspec '/home/nvidia/jetson-inference/build/aarch64/bin/images/fruit_17.jpg' is beyond a symbolic link\n","exitCode":128}
[2022-10-23 18:00:25.035] [exthost] [error] {"message":"Git error","stdout":"","stderr":"fatal: pathspec '/home/nvidia/jetson-inference/build/aarch64/bin/images/fruit_17.jpg' is beyond a symbolic link\n","exitCode":128}
[2022-10-23 18:00:25.035] [exthost] [error] {"message":"Git error","stdout":"","stderr":"fatal: pathspec '/home/nvidia/jetson-inference/build/aarch64/bin/images/fruit_17.jpg' is beyond a symbolic link\n","exitCode":128}
[2022-10-23 18:00:25.035] [exthost] [error] {"message":"Git error","stdout":"","stderr":"fatal: pathspec '/home/nvidia/jetson-inference/build/aarch64/bin/images/fruit_17.jpg' is beyond a symbolic link\n","exitCode":128}
[2022-10-23 18:00:25.035] [exthost] [error] {"message":"Git error","stdout":"","stderr":"fatal: pathspec '/home/nvidia/jetson-inference/build/aarch64/bin/images/fruit_17.jpg' is beyond a symbolic link\n","exitCode":128}
[2022-10-23 18:00:25.035] [exthost] [error] {"message":"Git error","stdout":"","stderr":"fatal: pathspec '/home/nvidia/jetson-inference/build/aarch64/bin/images/fruit_17.jpg' is beyond a symbolic link\n","exitCode":128}
[2022-10-23 18:00:25.035] [exthost] [error] {"message":"Git error","stdout":"","stderr":"fatal: pathspec '/home/nvidia/jetson-inference/build/aarch64/bin/images/fruit_17.jpg' is beyond a symbolic link\n","exitCode":128}
[2022-10-23 18:00:25.035] [exthost] [error] {"message":"Git error","stdout":"","stderr":"fatal: pathspec '/home/nvidia/jetson-inference/build/aarch64/bin/images/fruit_17.jpg' is beyond a symbolic link\n","exitCode":128}
