[2022-10-23T21:37:15.168Z] Log level: Info
[2022-10-23T21:37:15.190Z] [info] Validating found git in: git
[2022-10-23T21:37:15.300Z] [info] Using git 2.17.1 from git
[2022-10-23T21:37:15.440Z] > git rev-parse --show-toplevel [94ms]
[2022-10-23T21:37:15.466Z] > git rev-parse --git-dir --git-common-dir [4ms]
[2022-10-23T21:37:15.489Z] [info] Open repository: /home/nvidia/jetson-inference
[2022-10-23T21:37:15.527Z] > git rev-parse --show-toplevel [5ms]
[2022-10-23T21:37:15.542Z] > git rev-parse --show-toplevel [4ms]
[2022-10-23T21:37:15.556Z] > git rev-parse --show-toplevel [3ms]
[2022-10-23T21:37:15.595Z] > git rev-parse --show-toplevel [28ms]
[2022-10-23T21:37:15.609Z] > git rev-parse --show-toplevel [2ms]
[2022-10-23T21:37:15.623Z] > git rev-parse --show-toplevel [3ms]
[2022-10-23T21:37:15.636Z] > git rev-parse --show-toplevel [3ms]
[2022-10-23T21:37:15.691Z] > git rev-parse --show-toplevel [44ms]
[2022-10-23T21:37:15.746Z] > git rev-parse --show-toplevel [38ms]
[2022-10-23T21:37:15.768Z] > git rev-parse --show-toplevel [5ms]
[2022-10-23T21:37:15.783Z] > git rev-parse --show-toplevel [5ms]
[2022-10-23T21:37:15.797Z] > git rev-parse --git-dir --git-common-dir [3ms]
[2022-10-23T21:37:15.806Z] [info] Open repository: /home/nvidia/jetson-inference/utils
[2022-10-23T21:37:16.072Z] > git status -z -uall [252ms]
[2022-10-23T21:37:16.086Z] > git symbolic-ref --short HEAD [3ms]
[2022-10-23T21:37:16.086Z] fatal: ref HEAD is not a symbolic ref
[2022-10-23T21:37:16.102Z] > git rev-parse HEAD [3ms]
[2022-10-23T21:37:16.128Z] > git remote --verbose [4ms]
[2022-10-23T21:37:16.130Z] > git for-each-ref --sort -committerdate --format %(refname) %(objectname) %(*objectname) [17ms]
[2022-10-23T21:37:16.152Z] > git config --get commit.template [2ms]
[2022-10-23T21:37:16.212Z] > git status -z -uall [44ms]
[2022-10-23T21:37:16.236Z] > git symbolic-ref --short HEAD [12ms]
[2022-10-23T21:37:16.236Z] fatal: ref HEAD is not a symbolic ref
[2022-10-23T21:37:16.249Z] > git rev-parse HEAD [2ms]
[2022-10-23T21:37:16.272Z] > git for-each-ref --sort -committerdate --format %(refname) %(objectname) %(*objectname) [13ms]
[2022-10-23T21:37:16.273Z] > git remote --verbose [4ms]
[2022-10-23T21:37:16.289Z] > git config --get commit.template [2ms]
[2022-10-23T21:37:16.307Z] > git status -z -uall [796ms]
[2022-10-23T21:37:16.320Z] > git symbolic-ref --short HEAD [3ms]
[2022-10-23T21:37:16.336Z] > git for-each-ref --format=%(refname)%00%(upstream:short)%00%(objectname)%00%(upstream:track)%00%(upstream:remotename)%00%(upstream:remoteref) refs/heads/master refs/remotes/master [4ms]
[2022-10-23T21:37:16.362Z] > git remote --verbose [5ms]
[2022-10-23T21:37:16.367Z] > git for-each-ref --sort -committerdate --format %(refname) %(objectname) %(*objectname) [21ms]
[2022-10-23T21:37:16.396Z] > git config --get commit.template [2ms]
[2022-10-23T21:37:16.440Z] > git check-ignore -v -z --stdin [18ms]
[2022-10-23T21:37:16.443Z] > git check-ignore -v -z --stdin [9ms]
[2022-10-23T21:37:16.604Z] > git status -z -uall [196ms]
[2022-10-23T21:37:16.616Z] > git symbolic-ref --short HEAD [2ms]
[2022-10-23T21:37:16.631Z] > git for-each-ref --format=%(refname)%00%(upstream:short)%00%(objectname)%00%(upstream:track)%00%(upstream:remotename)%00%(upstream:remoteref) refs/heads/master refs/remotes/master [3ms]
[2022-10-23T21:37:16.654Z] > git for-each-ref --sort -committerdate --format %(refname) %(objectname) %(*objectname) [12ms]
[2022-10-23T21:37:16.657Z] > git remote --verbose [5ms]
[2022-10-23T21:37:16.675Z] > git config --get commit.template [2ms]
[2022-10-23T21:37:17.175Z] > git rev-parse --show-toplevel [3ms]
[2022-10-23T21:37:17.187Z] > git rev-parse --git-dir --git-common-dir [2ms]
[2022-10-23T21:37:17.196Z] [info] Open repository: /home/nvidia/jetson-inference/tools/camera-capture
[2022-10-23T21:37:17.223Z] > git status -z -uall [13ms]
[2022-10-23T21:37:17.235Z] > git rev-parse --show-toplevel [14ms]
[2022-10-23T21:37:17.247Z] > git symbolic-ref --short HEAD [13ms]
[2022-10-23T21:37:17.247Z] fatal: ref HEAD is not a symbolic ref
[2022-10-23T21:37:17.259Z] > git rev-parse --git-dir --git-common-dir [14ms]
[2022-10-23T21:37:17.270Z] [info] Open repository: /home/nvidia/jetson-inference/python/training/classification
[2022-10-23T21:37:17.299Z] > git status -z -uall [17ms]
[2022-10-23T21:37:17.310Z] > git rev-parse --show-toplevel [18ms]
[2022-10-23T21:37:17.320Z] > git rev-parse HEAD [63ms]
[2022-10-23T21:37:17.344Z] > git for-each-ref --sort -committerdate --format %(refname) %(objectname) %(*objectname) [14ms]
[2022-10-23T21:37:17.344Z] > git rev-parse --git-dir --git-common-dir [24ms]
[2022-10-23T21:37:17.352Z] [info] Open repository: /home/nvidia/jetson-inference/python/training/detection
[2022-10-23T21:37:17.376Z] > git symbolic-ref --short HEAD [67ms]
[2022-10-23T21:37:17.376Z] fatal: ref HEAD is not a symbolic ref
[2022-10-23T21:37:17.397Z] > git status -z -uall [33ms]
[2022-10-23T21:37:17.409Z] > git rev-parse HEAD [23ms]
[2022-10-23T21:37:17.431Z] > git rev-parse --show-toplevel [56ms]
[2022-10-23T21:37:17.442Z] > git remote --verbose [101ms]
[2022-10-23T21:37:17.460Z] > git rev-parse --git-dir --git-common-dir [19ms]
[2022-10-23T21:37:17.467Z] [info] Open repository: /home/nvidia/jetson-inference/python/training/segmentation
[2022-10-23T21:37:17.490Z] > git remote --verbose [61ms]
[2022-10-23T21:37:17.491Z] > git for-each-ref --sort -committerdate --format %(refname) %(objectname) %(*objectname) [72ms]
[2022-10-23T21:37:17.496Z] > git symbolic-ref --short HEAD [88ms]
[2022-10-23T21:37:17.496Z] fatal: ref HEAD is not a symbolic ref
[2022-10-23T21:37:17.519Z] > git status -z -uall [40ms]
[2022-10-23T21:37:17.530Z] > git rev-parse --show-toplevel [40ms]
[2022-10-23T21:37:17.541Z] > git config --get commit.template [84ms]
[2022-10-23T21:37:17.550Z] > git rev-parse --git-dir --git-common-dir [10ms]
[2022-10-23T21:37:17.560Z] [info] Open repository: /home/nvidia/jetson-inference/plugins/pose
[2022-10-23T21:37:17.583Z] > git symbolic-ref --short HEAD [54ms]
[2022-10-23T21:37:17.583Z] fatal: ref HEAD is not a symbolic ref
[2022-10-23T21:37:17.594Z] > git config --get commit.template [77ms]
[2022-10-23T21:37:17.595Z] > git rev-parse HEAD [89ms]
[2022-10-23T21:37:17.620Z] > git status -z -uall [48ms]
[2022-10-23T21:37:17.631Z] > git remote --verbose [17ms]
[2022-10-23T21:37:17.632Z] > git for-each-ref --sort -committerdate --format %(refname) %(objectname) %(*objectname) [27ms]
[2022-10-23T21:37:17.633Z] > git rev-parse HEAD [40ms]
[2022-10-23T21:37:17.654Z] > git rev-parse --show-toplevel [72ms]
[2022-10-23T21:37:17.668Z] > git remote --verbose [15ms]
[2022-10-23T21:37:17.669Z] > git for-each-ref --sort -committerdate --format %(refname) %(objectname) %(*objectname) [27ms]
[2022-10-23T21:37:17.674Z] > git symbolic-ref --short HEAD [44ms]
[2022-10-23T21:37:17.674Z] fatal: ref HEAD is not a symbolic ref
[2022-10-23T21:37:17.695Z] > git rev-parse --git-dir --git-common-dir [31ms]
[2022-10-23T21:37:17.703Z] [info] Open repository: /home/nvidia/jetson-inference/docker/containers
[2022-10-23T21:37:17.722Z] > git config --get commit.template [28ms]
[2022-10-23T21:37:17.723Z] > git rev-parse HEAD [40ms]
[2022-10-23T21:37:17.756Z] > git status -z -uall [41ms]
[2022-10-23T21:37:17.768Z] > git remote --verbose [25ms]
[2022-10-23T21:37:17.771Z] > git config --get commit.template [16ms]
[2022-10-23T21:37:17.772Z] > git for-each-ref --sort -committerdate --format %(refname) %(objectname) %(*objectname) [39ms]
[2022-10-23T21:37:17.788Z] > git symbolic-ref --short HEAD [21ms]
[2022-10-23T21:37:17.788Z] fatal: ref HEAD is not a symbolic ref
[2022-10-23T21:37:17.801Z] > git config --get commit.template [13ms]
[2022-10-23T21:37:17.804Z] > git rev-parse HEAD [6ms]
[2022-10-23T21:37:17.827Z] > git for-each-ref --sort -committerdate --format %(refname) %(objectname) %(*objectname) [13ms]
[2022-10-23T21:37:17.829Z] > git remote --verbose [5ms]
[2022-10-23T21:37:17.884Z] > git config --get commit.template [9ms]
[2022-10-23T21:37:18.075Z] > git check-ignore -v -z --stdin [15ms]
[2022-10-23T21:37:18.077Z] > git check-ignore -v -z --stdin [5ms]
[2022-10-23T21:37:18.234Z] > git rev-parse --show-toplevel [2ms]
[2022-10-23T21:37:18.247Z] > git rev-parse --git-dir --git-common-dir [2ms]
[2022-10-23T21:37:18.260Z] [info] Open repository: /home/nvidia/jetson-inference/python/training/detection/ssd
[2022-10-23T21:37:18.282Z] > git status -z -uall [9ms]
[2022-10-23T21:37:18.296Z] > git symbolic-ref --short HEAD [3ms]
[2022-10-23T21:37:18.296Z] fatal: ref HEAD is not a symbolic ref
[2022-10-23T21:37:18.320Z] > git rev-parse HEAD [14ms]
[2022-10-23T21:37:18.343Z] > git for-each-ref --sort -committerdate --format %(refname) %(objectname) %(*objectname) [13ms]
[2022-10-23T21:37:18.344Z] > git remote --verbose [4ms]
[2022-10-23T21:37:18.366Z] > git config --get commit.template [3ms]
[2022-10-23T21:37:18.877Z] > git check-ignore -v -z --stdin [14ms]
[2022-10-23T21:37:18.878Z] > git check-ignore -v -z --stdin [3ms]
