[2022-11-25 17:41:51.335] [exthost] [info] Extension host with pid 8396 started
[2022-11-25 17:41:51.412] [exthost] [info] Lock '/home/nvidia/.vscode-server/data/User/workspaceStorage/a2e3adca70cf0c88dd3f21f3d71a0ac1/vscode.lock': Lock acquired.
[2022-11-25 17:41:51.488] [exthost] [info] ExtensionService#_doActivateExtension ms-python.python, startup: false, activationEvent: 'onLanguage:python'
[2022-11-25 17:41:51.492] [exthost] [info] ExtensionService#_doActivateExtension ms-toolsai.jupyter, startup: false, activationEvent: 'onLanguage:python'
[2022-11-25 17:41:51.494] [exthost] [info] ExtensionService#_doActivateExtension vscode.debug-auto-launch, startup: true, activationEvent: '*'
[2022-11-25 17:41:51.496] [exthost] [info] ExtensionService#_doActivateExtension vscode.git-base, startup: true, activationEvent: '*', root cause: vscode.git
[2022-11-25 17:41:51.497] [exthost] [info] ExtensionService#_doActivateExtension vscode.ipynb, startup: true, activationEvent: '*'
[2022-11-25 17:41:54.444] [exthost] [info] ExtensionService#_doActivateExtension vscode.git, startup: true, activationEvent: '*'
[2022-11-25 17:41:54.445] [exthost] [info] ExtensionService#_doActivateExtension vscode.github, startup: true, activationEvent: '*'
[2022-11-25 17:41:57.017] [exthost] [info] ExtensionService#_doActivateExtension ms-toolsai.jupyter-renderers, startup: false, activationEvent: 'api', root cause: ms-toolsai.jupyter
[2022-11-25 17:41:58.637] [exthost] [info] ExtensionService#_doActivateExtension vscode.emmet, startup: false, activationEvent: 'onStartupFinished'
[2022-11-25 17:41:58.741] [exthost] [info] ExtensionService#_doActivateExtension vscode.merge-conflict, startup: false, activationEvent: 'onStartupFinished'
[2022-11-25 17:41:58.743] [exthost] [info] Eager extensions activated
[2022-11-25 17:41:59.299] [exthost] [info] ExtensionService#_doActivateExtension ms-python.vscode-pylance, startup: false, activationEvent: 'onLanguage:python'
[2022-11-25 17:42:01.293] [exthost] [error] {"message":"Git error","stdout":"","stderr":"fatal: pathspec '/home/nvidia/jetson-inference/build/aarch64/bin/images/polar_bear.jpg' is beyond a symbolic link\n","exitCode":128}
[2022-11-25 17:42:01.293] [exthost] [error] {"message":"Git error","stdout":"","stderr":"fatal: pathspec '/home/nvidia/jetson-inference/build/aarch64/bin/images/polar_bear.jpg' is beyond a symbolic link\n","exitCode":128}
[2022-11-25 17:42:01.293] [exthost] [error] {"message":"Git error","stdout":"","stderr":"fatal: pathspec '/home/nvidia/jetson-inference/build/aarch64/bin/images/polar_bear.jpg' is beyond a symbolic link\n","exitCode":128}
[2022-11-25 17:42:01.294] [exthost] [error] {"message":"Git error","stdout":"","stderr":"fatal: pathspec '/home/nvidia/jetson-inference/build/aarch64/bin/images/polar_bear.jpg' is beyond a symbolic link\n","exitCode":128}
[2022-11-25 17:42:01.294] [exthost] [error] {"message":"Git error","stdout":"","stderr":"fatal: pathspec '/home/nvidia/jetson-inference/build/aarch64/bin/images/polar_bear.jpg' is beyond a symbolic link\n","exitCode":128}
[2022-11-25 17:42:01.294] [exthost] [error] {"message":"Git error","stdout":"","stderr":"fatal: pathspec '/home/nvidia/jetson-inference/build/aarch64/bin/images/polar_bear.jpg' is beyond a symbolic link\n","exitCode":128}
[2022-11-25 17:42:04.630] [exthost] [error] {"message":"Git error","stdout":"","stderr":"","exitCode":128}
[2022-11-25 17:42:04.631] [exthost] [error] {"message":"Git error","stdout":"","stderr":"","exitCode":128}
[2022-11-25 17:42:04.631] [exthost] [error] {"message":"Git error","stdout":"","stderr":"","exitCode":128}
[2022-11-25 17:42:05.457] [exthost] [error] {"message":"Git error","stdout":"","stderr":"fatal: pathspec '/home/nvidia/jetson-inference/build/aarch64/bin/images/polar_bear.jpg' is beyond a symbolic link\n","exitCode":128}
[2022-11-25 17:42:05.457] [exthost] [error] {"message":"Git error","stdout":"","stderr":"fatal: pathspec '/home/nvidia/jetson-inference/build/aarch64/bin/images/polar_bear.jpg' is beyond a symbolic link\n","exitCode":128}
[2022-11-25 17:42:05.457] [exthost] [error] {"message":"Git error","stdout":"","stderr":"fatal: pathspec '/home/nvidia/jetson-inference/build/aarch64/bin/images/polar_bear.jpg' is beyond a symbolic link\n","exitCode":128}
[2022-11-25 17:42:05.458] [exthost] [error] {"message":"Git error","stdout":"","stderr":"fatal: pathspec '/home/nvidia/jetson-inference/build/aarch64/bin/images/polar_bear.jpg' is beyond a symbolic link\n","exitCode":128}
[2022-11-25 17:42:05.458] [exthost] [error] {"message":"Git error","stdout":"","stderr":"fatal: pathspec '/home/nvidia/jetson-inference/build/aarch64/bin/images/polar_bear.jpg' is beyond a symbolic link\n","exitCode":128}
[2022-11-25 17:42:05.458] [exthost] [error] {"message":"Git error","stdout":"","stderr":"fatal: pathspec '/home/nvidia/jetson-inference/build/aarch64/bin/images/polar_bear.jpg' is beyond a symbolic link\n","exitCode":128}
[2022-11-25 17:42:05.458] [exthost] [error] {"message":"Git error","stdout":"","stderr":"fatal: pathspec '/home/nvidia/jetson-inference/build/aarch64/bin/images/polar_bear.jpg' is beyond a symbolic link\n","exitCode":128}
[2022-11-25 17:42:05.458] [exthost] [error] {"message":"Git error","stdout":"","stderr":"fatal: pathspec '/home/nvidia/jetson-inference/build/aarch64/bin/images/polar_bear.jpg' is beyond a symbolic link\n","exitCode":128}
[2022-11-25 17:42:05.458] [exthost] [error] {"message":"Git error","stdout":"","stderr":"fatal: pathspec '/home/nvidia/jetson-inference/build/aarch64/bin/images/polar_bear.jpg' is beyond a symbolic link\n","exitCode":128}
[2022-11-25 17:42:05.458] [exthost] [error] {"message":"Git error","stdout":"","stderr":"fatal: pathspec '/home/nvidia/jetson-inference/build/aarch64/bin/images/polar_bear.jpg' is beyond a symbolic link\n","exitCode":128}
[2022-11-25 17:42:05.458] [exthost] [error] {"message":"Git error","stdout":"","stderr":"fatal: pathspec '/home/nvidia/jetson-inference/build/aarch64/bin/images/polar_bear.jpg' is beyond a symbolic link\n","exitCode":128}
[2022-11-25 17:42:05.458] [exthost] [error] {"message":"Git error","stdout":"","stderr":"fatal: pathspec '/home/nvidia/jetson-inference/build/aarch64/bin/images/polar_bear.jpg' is beyond a symbolic link\n","exitCode":128}
[2022-11-25 17:42:05.458] [exthost] [error] {"message":"Git error","stdout":"","stderr":"fatal: pathspec '/home/nvidia/jetson-inference/build/aarch64/bin/images/polar_bear.jpg' is beyond a symbolic link\n","exitCode":128}
[2022-11-25 17:42:05.458] [exthost] [error] {"message":"Git error","stdout":"","stderr":"fatal: pathspec '/home/nvidia/jetson-inference/build/aarch64/bin/images/polar_bear.jpg' is beyond a symbolic link\n","exitCode":128}
[2022-11-25 17:42:05.458] [exthost] [error] {"message":"Git error","stdout":"","stderr":"fatal: pathspec '/home/nvidia/jetson-inference/build/aarch64/bin/images/polar_bear.jpg' is beyond a symbolic link\n","exitCode":128}
[2022-11-25 17:42:05.458] [exthost] [error] {"message":"Git error","stdout":"","stderr":"fatal: pathspec '/home/nvidia/jetson-inference/build/aarch64/bin/images/polar_bear.jpg' is beyond a symbolic link\n","exitCode":128}
[2022-11-25 17:42:05.458] [exthost] [error] {"message":"Git error","stdout":"","stderr":"fatal: pathspec '/home/nvidia/jetson-inference/build/aarch64/bin/images/polar_bear.jpg' is beyond a symbolic link\n","exitCode":128}
[2022-11-25 17:42:05.458] [exthost] [error] {"message":"Git error","stdout":"","stderr":"fatal: pathspec '/home/nvidia/jetson-inference/build/aarch64/bin/images/polar_bear.jpg' is beyond a symbolic link\n","exitCode":128}
[2022-11-25 17:42:05.458] [exthost] [error] {"message":"Git error","stdout":"","stderr":"fatal: pathspec '/home/nvidia/jetson-inference/build/aarch64/bin/images/polar_bear.jpg' is beyond a symbolic link\n","exitCode":128}
[2022-11-25 17:42:05.458] [exthost] [error] {"message":"Git error","stdout":"","stderr":"fatal: pathspec '/home/nvidia/jetson-inference/build/aarch64/bin/images/polar_bear.jpg' is beyond a symbolic link\n","exitCode":128}
[2022-11-25 17:42:05.459] [exthost] [error] {"message":"Git error","stdout":"","stderr":"fatal: pathspec '/home/nvidia/jetson-inference/build/aarch64/bin/images/polar_bear.jpg' is beyond a symbolic link\n","exitCode":128}
[2022-11-25 17:51:56.715] [exthost] [error] {"message":"Git error","stdout":"","stderr":"fatal: pathspec '/home/nvidia/jetson-inference/build/aarch64/bin/images/polar_bear.jpg' is beyond a symbolic link\n","exitCode":128}
[2022-11-25 17:51:56.715] [exthost] [error] {"message":"Git error","stdout":"","stderr":"fatal: pathspec '/home/nvidia/jetson-inference/build/aarch64/bin/images/polar_bear.jpg' is beyond a symbolic link\n","exitCode":128}
[2022-11-25 17:51:56.715] [exthost] [error] {"message":"Git error","stdout":"","stderr":"fatal: pathspec '/home/nvidia/jetson-inference/build/aarch64/bin/images/polar_bear.jpg' is beyond a symbolic link\n","exitCode":128}
