[2022-11-25T22:41:57.360Z] Log level: Info
[2022-11-25T22:41:57.622Z] [info] Validating found git in: git
[2022-11-25T22:41:58.582Z] [info] Using git 2.17.1 from git
[2022-11-25T22:41:58.861Z] > git rev-parse --show-toplevel [232ms]
[2022-11-25T22:41:58.861Z] fatal: not a git repository (or any of the parent directories): .git
[2022-11-25T22:41:58.918Z] > git rev-parse --show-toplevel [27ms]
[2022-11-25T22:41:58.918Z] fatal: not a git repository (or any of the parent directories): .git
[2022-11-25T22:41:58.943Z] > git rev-parse --show-toplevel [5ms]
[2022-11-25T22:41:58.943Z] fatal: not a git repository (or any of the parent directories): .git
[2022-11-25T22:41:59.024Z] > git rev-parse --show-toplevel [61ms]
[2022-11-25T22:41:59.024Z] fatal: not a git repository (or any of the parent directories): .git
[2022-11-25T22:41:59.051Z] > git rev-parse --show-toplevel [7ms]
[2022-11-25T22:41:59.051Z] fatal: not a git repository (or any of the parent directories): .git
[2022-11-25T22:41:59.075Z] > git rev-parse --show-toplevel [3ms]
[2022-11-25T22:41:59.075Z] fatal: not a git repository (or any of the parent directories): .git
[2022-11-25T22:41:59.098Z] > git rev-parse --show-toplevel [3ms]
[2022-11-25T22:41:59.098Z] fatal: not a git repository (or any of the parent directories): .git
[2022-11-25T22:41:59.121Z] > git rev-parse --show-toplevel [4ms]
[2022-11-25T22:41:59.121Z] fatal: not a git repository (or any of the parent directories): .git
[2022-11-25T22:42:00.023Z] > git rev-parse --show-toplevel [883ms]
[2022-11-25T22:42:00.023Z] fatal: not a git repository (or any of the parent directories): .git
[2022-11-25T22:42:00.136Z] > git rev-parse --show-toplevel [90ms]
[2022-11-25T22:42:00.137Z] fatal: not a git repository (or any of the parent directories): .git
[2022-11-25T22:42:00.171Z] > git rev-parse --show-toplevel [15ms]
[2022-11-25T22:42:00.171Z] fatal: not a git repository (or any of the parent directories): .git
[2022-11-25T22:42:00.200Z] > git rev-parse --show-toplevel [8ms]
[2022-11-25T22:42:00.200Z] fatal: not a git repository (or any of the parent directories): .git
[2022-11-25T22:42:00.225Z] > git rev-parse --show-toplevel [5ms]
[2022-11-25T22:42:00.225Z] fatal: not a git repository (or any of the parent directories): .git
[2022-11-25T22:42:00.289Z] > git rev-parse --show-toplevel [44ms]
[2022-11-25T22:42:00.289Z] fatal: not a git repository (or any of the parent directories): .git
[2022-11-25T22:42:00.321Z] > git rev-parse --show-toplevel [7ms]
[2022-11-25T22:42:00.322Z] fatal: not a git repository (or any of the parent directories): .git
[2022-11-25T22:42:00.346Z] > git rev-parse --show-toplevel [4ms]
[2022-11-25T22:42:00.346Z] fatal: not a git repository (or any of the parent directories): .git
[2022-11-25T22:42:00.374Z] > git rev-parse --show-toplevel [9ms]
[2022-11-25T22:42:00.374Z] fatal: not a git repository (or any of the parent directories): .git
[2022-11-25T22:42:00.400Z] > git rev-parse --show-toplevel [5ms]
[2022-11-25T22:42:00.401Z] fatal: not a git repository (or any of the parent directories): .git
[2022-11-25T22:42:00.434Z] > git rev-parse --show-toplevel [14ms]
[2022-11-25T22:42:00.470Z] > git rev-parse --git-dir --git-common-dir [14ms]
[2022-11-25T22:42:00.497Z] [info] Open repository: /home/nvidia/jetson-inference
[2022-11-25T22:42:00.561Z] > git rev-parse --show-toplevel [8ms]
[2022-11-25T22:42:00.561Z] fatal: not a git repository (or any of the parent directories): .git
[2022-11-25T22:42:00.588Z] > git rev-parse --show-toplevel [6ms]
[2022-11-25T22:42:00.588Z] fatal: not a git repository (or any of the parent directories): .git
[2022-11-25T22:42:01.289Z] > git check-ignore -v -z --stdin [47ms]
[2022-11-25T22:42:01.574Z] > git status -z -uall [1045ms]
[2022-11-25T22:42:01.628Z] > git symbolic-ref --short HEAD [16ms]
[2022-11-25T22:42:01.669Z] > git for-each-ref --format=%(refname)%00%(upstream:short)%00%(objectname)%00%(upstream:track)%00%(upstream:remotename)%00%(upstream:remoteref) refs/heads/master refs/remotes/master [13ms]
[2022-11-25T22:42:01.725Z] > git remote --verbose [8ms]
[2022-11-25T22:42:01.728Z] > git for-each-ref --sort -committerdate --format %(refname) %(objectname) %(*objectname) [35ms]
[2022-11-25T22:42:01.810Z] > git config --get commit.template [8ms]
[2022-11-25T22:42:02.136Z] > git status -z -uall [300ms]
[2022-11-25T22:42:02.164Z] > git symbolic-ref --short HEAD [7ms]
[2022-11-25T22:42:02.191Z] > git for-each-ref --format=%(refname)%00%(upstream:short)%00%(objectname)%00%(upstream:track)%00%(upstream:remotename)%00%(upstream:remoteref) refs/heads/master refs/remotes/master [6ms]
[2022-11-25T22:42:02.240Z] > git for-each-ref --sort -committerdate --format %(refname) %(objectname) %(*objectname) [27ms]
[2022-11-25T22:42:02.249Z] > git remote --verbose [13ms]
[2022-11-25T22:42:02.300Z] > git config --get commit.template [13ms]
[2022-11-25T22:42:02.894Z] > git rev-parse --show-toplevel [7ms]
[2022-11-25T22:42:02.921Z] > git rev-parse --git-dir --git-common-dir [4ms]
[2022-11-25T22:42:02.932Z] [info] Open repository: /home/nvidia/jetson-inference/utils
[2022-11-25T22:42:03.099Z] > git status -z -uall [141ms]
[2022-11-25T22:42:03.128Z] > git rev-parse --show-toplevel [143ms]
[2022-11-25T22:42:03.159Z] > git symbolic-ref --short HEAD [36ms]
[2022-11-25T22:42:03.159Z] fatal: ref HEAD is not a symbolic ref
[2022-11-25T22:42:03.201Z] > git rev-parse --git-dir --git-common-dir [48ms]
[2022-11-25T22:42:03.211Z] [info] Open repository: /home/nvidia/jetson-inference/tools/camera-capture
[2022-11-25T22:42:03.274Z] > git status -z -uall [36ms]
[2022-11-25T22:42:03.303Z] > git rev-parse HEAD [108ms]
[2022-11-25T22:42:03.400Z] > git remote --verbose [50ms]
[2022-11-25T22:42:03.400Z] > git for-each-ref --sort -committerdate --format %(refname) %(objectname) %(*objectname) [73ms]
[2022-11-25T22:42:03.406Z] > git symbolic-ref --short HEAD [107ms]
[2022-11-25T22:42:03.406Z] fatal: ref HEAD is not a symbolic ref
[2022-11-25T22:42:03.431Z] > git rev-parse --show-toplevel [167ms]
[2022-11-25T22:42:03.487Z] > git rev-parse HEAD [57ms]
[2022-11-25T22:42:03.549Z] > git remote --verbose [13ms]
[2022-11-25T22:42:03.550Z] > git for-each-ref --sort -committerdate --format %(refname) %(objectname) %(*objectname) [40ms]
[2022-11-25T22:42:03.555Z] > git config --get commit.template [72ms]
[2022-11-25T22:42:03.558Z] > git rev-parse --git-dir --git-common-dir [102ms]
[2022-11-25T22:42:03.569Z] [info] Open repository: /home/nvidia/jetson-inference/python/training/classification
[2022-11-25T22:42:03.655Z] > git status -z -uall [52ms]
[2022-11-25T22:42:03.703Z] > git symbolic-ref --short HEAD [24ms]
[2022-11-25T22:42:03.703Z] fatal: ref HEAD is not a symbolic ref
[2022-11-25T22:42:03.727Z] > git config --get commit.template [74ms]
[2022-11-25T22:42:03.730Z] > git rev-parse --show-toplevel [102ms]
[2022-11-25T22:42:03.771Z] > git rev-parse HEAD [43ms]
[2022-11-25T22:42:03.825Z] > git rev-parse --git-dir --git-common-dir [71ms]
[2022-11-25T22:42:03.837Z] [info] Open repository: /home/nvidia/jetson-inference/python/training/detection
[2022-11-25T22:42:03.897Z] > git status -z -uall [34ms]
[2022-11-25T22:42:03.925Z] > git for-each-ref --sort -committerdate --format %(refname) %(objectname) %(*objectname) [133ms]
[2022-11-25T22:42:03.926Z] > git remote --verbose [110ms]
[2022-11-25T22:42:03.958Z] > git rev-parse --show-toplevel [65ms]
[2022-11-25T22:42:03.993Z] > git config --get commit.template [39ms]
[2022-11-25T22:42:03.995Z] > git symbolic-ref --short HEAD [77ms]
[2022-11-25T22:42:03.995Z] fatal: ref HEAD is not a symbolic ref
[2022-11-25T22:42:04.019Z] > git rev-parse --git-dir --git-common-dir [34ms]
[2022-11-25T22:42:04.032Z] [info] Open repository: /home/nvidia/jetson-inference/python/training/segmentation
[2022-11-25T22:42:04.099Z] > git status -z -uall [42ms]
[2022-11-25T22:42:04.125Z] > git rev-parse --show-toplevel [38ms]
[2022-11-25T22:42:04.147Z] > git rev-parse HEAD [131ms]
[2022-11-25T22:42:04.208Z] > git for-each-ref --sort -committerdate --format %(refname) %(objectname) %(*objectname) [37ms]
[2022-11-25T22:42:04.209Z] > git rev-parse --git-dir --git-common-dir [63ms]
[2022-11-25T22:42:04.229Z] [info] Open repository: /home/nvidia/jetson-inference/plugins/pose
[2022-11-25T22:42:04.289Z] > git symbolic-ref --short HEAD [166ms]
[2022-11-25T22:42:04.289Z] fatal: ref HEAD is not a symbolic ref
[2022-11-25T22:42:04.344Z] > git status -z -uall [82ms]
[2022-11-25T22:42:04.373Z] > git rev-parse HEAD [58ms]
[2022-11-25T22:42:04.425Z] > git rev-parse --show-toplevel [137ms]
[2022-11-25T22:42:04.448Z] > git remote --verbose [249ms]
[2022-11-25T22:42:04.455Z] > git rev-parse --git-dir --git-common-dir [8ms]
[2022-11-25T22:42:04.467Z] [info] Open repository: /home/nvidia/jetson-inference/docker/containers
[2022-11-25T22:42:04.495Z] > git remote --verbose [71ms]
[2022-11-25T22:42:04.497Z] > git for-each-ref --sort -committerdate --format %(refname) %(objectname) %(*objectname) [94ms]
[2022-11-25T22:42:04.501Z] > git symbolic-ref --short HEAD [129ms]
[2022-11-25T22:42:04.501Z] fatal: ref HEAD is not a symbolic ref
[2022-11-25T22:42:04.603Z] > git status -z -uall [109ms]
[2022-11-25T22:42:04.629Z] > git check-ignore -v -z --stdin [72ms]
[2022-11-25T22:42:04.632Z] > git rev-parse HEAD [105ms]
[2022-11-25T22:42:04.699Z] > git symbolic-ref --short HEAD [71ms]
[2022-11-25T22:42:04.699Z] fatal: ref HEAD is not a symbolic ref
[2022-11-25T22:42:04.726Z] > git config --get commit.template [128ms]
[2022-11-25T22:42:04.753Z] > git remote --verbose [65ms]
[2022-11-25T22:42:04.754Z] > git for-each-ref --sort -committerdate --format %(refname) %(objectname) %(*objectname) [89ms]
[2022-11-25T22:42:04.798Z] > git rev-parse HEAD [73ms]
[2022-11-25T22:42:04.857Z] > git for-each-ref --sort -committerdate --format %(refname) %(objectname) %(*objectname) [28ms]
[2022-11-25T22:42:04.857Z] > git config --get commit.template [60ms]
[2022-11-25T22:42:04.859Z] > git config --get commit.template [108ms]
[2022-11-25T22:42:04.861Z] > git remote --verbose [11ms]
[2022-11-25T22:42:04.899Z] > git config --get commit.template [11ms]
[2022-11-25T22:42:05.216Z] > git rev-parse --show-toplevel [3ms]
[2022-11-25T22:42:05.239Z] > git rev-parse --git-dir --git-common-dir [3ms]
[2022-11-25T22:42:05.253Z] [info] Open repository: /home/nvidia/jetson-inference/python/training/detection/ssd
[2022-11-25T22:42:05.288Z] > git status -z -uall [10ms]
[2022-11-25T22:42:05.314Z] > git symbolic-ref --short HEAD [4ms]
[2022-11-25T22:42:05.314Z] fatal: ref HEAD is not a symbolic ref
[2022-11-25T22:42:05.343Z] > git rev-parse HEAD [8ms]
[2022-11-25T22:42:05.395Z] > git remote --verbose [7ms]
[2022-11-25T22:42:05.455Z] > git check-ignore -v -z --stdin [4ms]
[2022-11-25T22:42:05.546Z] > git for-each-ref --sort -committerdate --format %(refname) %(objectname) %(*objectname) [183ms]
[2022-11-25T22:42:05.590Z] > git config --get commit.template [5ms]
[2022-11-25T22:51:17.175Z] > git rev-parse --show-toplevel [2ms]
[2022-11-25T22:51:17.175Z] fatal: not a git repository (or any of the parent directories): .git
[2022-11-25T22:51:48.127Z] > git rev-parse --show-toplevel [2ms]
[2022-11-25T22:51:48.127Z] fatal: not a git repository (or any of the parent directories): .git
[2022-11-25T22:51:56.080Z] > git rev-parse --show-toplevel [2ms]
[2022-11-25T22:51:56.099Z] > git rev-parse --git-dir --git-common-dir [2ms]
[2022-11-25T22:51:56.109Z] [info] Open repository: /home/nvidia
[2022-11-25T22:51:56.476Z] > git show --textconv :my-recognition/my-recognition.py [20ms]
[2022-11-25T22:51:56.479Z] > git ls-files --stage -- /home/nvidia/my-recognition/my-recognition.py [4ms]
[2022-11-25T22:51:56.709Z] > git check-ignore -v -z --stdin [18ms]
[2022-11-25T22:51:56.713Z] > git check-ignore -v -z --stdin [5ms]
[2022-11-25T22:51:56.996Z] > git status -z -uall [867ms]
